Mining time (millis) : 544560
[IF, createNewFile(0)@!(rcv.exists()), END_BLOCK]:(0.54,0.54)
[TRY, createNewFile(0)@!(rcv.exists()), END_BLOCK]:(0.56,0.52)
[createNewFile(0)@!(rcv.exists()), IF, END_BLOCK]:(0.29,1.0)
[createNewFile(0)@true, IF, END_BLOCK]:(0.29,1.0)
[new File(2)@true, createNewFile(0)@true]:(0.33,0.77)
[createNewFile(0)@true, close(0)@true]:(0.37,0.63)
[TRY, IF, createNewFile(0)@!(rcv.exists()), END_BLOCK, END_BLOCK]:(0.23,1.0)
[IF, TRY, createNewFile(0)@!(rcv.exists()), END_BLOCK, END_BLOCK]:(0.23,1.0)
[IF, IF, createNewFile(0)@!(rcv.exists()), END_BLOCK, END_BLOCK]:(0.22,1.0)
[IF, createNewFile(0)@!(rcv.exists()), IF, END_BLOCK, END_BLOCK]:(0.2,1.0)
[TRY, createNewFile(0)@!(rcv.exists()), IF, END_BLOCK, END_BLOCK]:(0.19,1.0)
[new File(1)@true, createNewFile(0)@!(rcv.exists())]:(0.47,0.32)
[new File(1)@true, IF, createNewFile(0)@!(rcv.exists()), END_BLOCK]:(0.23,0.65)
[new File(1)@true, TRY, createNewFile(0)@!(rcv.exists()), END_BLOCK]:(0.17,0.87)
[TRY, new File(1)@true, createNewFile(0)@!(rcv.exists()), END_BLOCK]:(0.15,0.98)
[createNewFile(0)@true, new FileOutputStream(1)@true]:(0.24,0.59)
[createNewFile(0)@!(rcv.exists()), close(0)@true]:(0.37,0.34)
[createNewFile(0)@true, new FileOutputStream(1)@true, close(0)@true]:(0.17,0.59)
[createNewFile(0)@true, write(1)@true]:(0.15,0.61)
[createNewFile(0)@!(rcv.exists()), new FileOutputStream(1)@true]:(0.24,0.37)
[createNewFile(0)@true, printStackTrace(0)@true]:(0.17,0.51)
[TRY, createNewFile(0)@!(rcv.exists()), END_BLOCK, printStackTrace(0)@true]:(0.17,0.45)
[TRY, createNewFile(0)@!(rcv.exists()), printStackTrace(0)@true, END_BLOCK]:(0.17,0.45)
[TRY, createNewFile(0)@!(rcv.exists()), END_BLOCK, CATCH, printStackTrace(0)@true, END_BLOCK]:(0.17,0.45)
[createNewFile(0)@!(rcv.exists()), printStackTrace(0)@true]:(0.17,0.44)
[new File(1)@true, createNewFile(0)@!(rcv.exists()), close(0)@true]:(0.19,0.37)
[mkdirs(0)@true, createNewFile(0)@!(rcv.exists())]:(0.23,0.3)
[IF, createNewFile(0)@!(rcv.exists()), END_BLOCK, close(0)@rcv!=null]:(0.2,0.34)
[TRY, createNewFile(0)@!(rcv.exists()), END_BLOCK, close(0)@rcv!=null]:(0.18,0.37)
[TRY, createNewFile(0)@!(rcv.exists()), close(0)@rcv!=null, END_BLOCK]:(0.22,0.3)
[IF, createNewFile(0)@!(rcv.exists()), close(0)@rcv!=null, END_BLOCK]:(0.2,0.33)
[createNewFile(0)@!(rcv.exists()), new FileOutputStream(1)@true, close(0)@true]:(0.17,0.37)
[createNewFile(0)@!(rcv.exists()), write(1)@true]:(0.15,0.35)

