Mining time (millis) : 424784
[get(1)@true, IF, END_BLOCK]:(0.57,1.0)
[get(1)@true, put(2)@arg1==0]:(0.43,0.23)
[IF, get(1)@arg0<rcv.size(), END_BLOCK]:(0.5,0.12)
[LOOP, get(1)@arg0<rcv.size(), END_BLOCK]:(0.4,0.15)
[get(1)@arg0<rcv.size()]:(1.0,0.06)
[get(1)@arg0<rcv.size(), IF, END_BLOCK]:(0.57,0.1)
[IF, get(1)@rcv.containsKey(arg0,), END_BLOCK]:(0.5,0.1)
[get(1)@rcv.containsKey(arg0,)]:(1.0,0.05)
[LOOP, get(1)@rcv.containsKey(arg0,), END_BLOCK]:(0.4,0.12)
[get(1)@rcv.containsKey(arg0,), IF, END_BLOCK]:(0.57,0.08)
[get(1)@arg0<rcv.size(), put(2)@arg1==0]:(0.43,0.08)
[get(1)@rcv.containsKey(arg0,), put(2)@arg1==0]:(0.43,0.08)
[LOOP, get(1)@rcv!=null, END_BLOCK]:(0.4,0.08)
[IF, get(1)@rcv!=null, END_BLOCK]:(0.5,0.06)
[get(1)@rcv!=null, IF, END_BLOCK]:(0.57,0.05)
[get(1)@rcv.containsKey(arg0,), put(2)@!(rcv.containsKey(arg0,))]:(0.43,0.05)
[get(1)@arg0<rcv.size(), put(2)@!(rcv.containsKey(arg0,))]:(0.43,0.05)
[get(1)@true, put(2)@arg1!=null]:(0.43,0.05)
[get(1)@rcv.containsKey(arg0,), put(2)@arg1!=null]:(0.43,0.05)
[get(1)@arg0<rcv.size(), put(2)@arg1!=null]:(0.43,0.05)
[get(1)@true, put(2)@!(rcv.containsKey(arg0,))]:(0.43,0.05)
[get(1)@rcv!=null, put(2)@!(rcv.containsKey(arg0,))]:(0.43,0.04)
[get(1)@rcv!=null, put(2)@arg1==0]:(0.43,0.04)
[get(1)@rcv!=null, put(2)@arg1!=null]:(0.43,0.04)
[LOOP, get(1)@arg0!=0, END_BLOCK]:(0.4,0.04)

