Total number of relevant Java snippets: 526
Total number of unreliable Java snippets: 160
Answer Id --- http://stackoverflow.com/questions/23113617
Violation: MissingStructure, TRY
Violation: MissingStructure, END_BLOCK
Violation: MissingStructure, CATCH
Violation: MissingStructure, END_BLOCK
Answer Id --- http://stackoverflow.com/questions/37588144
Violation: MissingStructure, TRY
Violation: MissingStructure, END_BLOCK
Violation: MissingStructure, CATCH
Violation: MissingStructure, END_BLOCK
Answer Id --- http://stackoverflow.com/questions/7303080
Violation: MissingStructure, TRY
Violation: MissingStructure, END_BLOCK
Violation: MissingStructure, CATCH
Violation: MissingStructure, END_BLOCK
Answer Id --- http://stackoverflow.com/questions/15946705
Violation: MissingStructure, TRY
Violation: MissingStructure, END_BLOCK
Violation: MissingStructure, CATCH
Violation: MissingStructure, END_BLOCK
Answer Id --- http://stackoverflow.com/questions/16298636
Violation: MissingStructure, TRY
Violation: MissingStructure, END_BLOCK
Violation: MissingStructure, CATCH
Violation: MissingStructure, END_BLOCK
Answer Id --- http://stackoverflow.com/questions/9872112
Violation: MissingStructure, TRY
Violation: MissingStructure, END_BLOCK
Violation: MissingStructure, CATCH
Violation: MissingStructure, END_BLOCK
Answer Id --- http://stackoverflow.com/questions/15500664
Violation: MissingStructure, TRY
Violation: MissingStructure, END_BLOCK
Violation: MissingStructure, CATCH
Violation: MissingStructure, END_BLOCK
Answer Id --- http://stackoverflow.com/questions/29489617
Violation: MissingStructure, TRY
Violation: MissingStructure, END_BLOCK
Violation: MissingStructure, CATCH
Violation: MissingStructure, END_BLOCK
Violation: MissingStructure, TRY
Violation: MissingStructure, END_BLOCK
Violation: MissingStructure, CATCH
Violation: MissingStructure, END_BLOCK
Answer Id --- http://stackoverflow.com/questions/34093905
Violation: MissingStructure, TRY
Violation: MissingStructure, END_BLOCK
Violation: MissingStructure, CATCH
Violation: MissingStructure, END_BLOCK
Answer Id --- http://stackoverflow.com/questions/9846760
Violation: MissingStructure, TRY
Violation: MissingStructure, END_BLOCK
Violation: MissingStructure, CATCH
Violation: MissingStructure, END_BLOCK
Answer Id --- http://stackoverflow.com/questions/38837336
Violation: MissingStructure, TRY
Violation: MissingStructure, END_BLOCK
Violation: MissingStructure, CATCH
Violation: MissingStructure, END_BLOCK
Answer Id --- http://stackoverflow.com/questions/35773340
Violation: MissingStructure, TRY
Violation: MissingStructure, END_BLOCK
Violation: MissingStructure, CATCH
Violation: MissingStructure, END_BLOCK
Answer Id --- http://stackoverflow.com/questions/36253719
Violation: MissingStructure, TRY
Violation: MissingStructure, END_BLOCK
Violation: MissingStructure, CATCH
Violation: MissingStructure, END_BLOCK
Answer Id --- http://stackoverflow.com/questions/18253655
Violation: MissingStructure, TRY
Violation: MissingStructure, END_BLOCK
Violation: MissingStructure, CATCH
Violation: MissingStructure, END_BLOCK
Answer Id --- http://stackoverflow.com/questions/29668927
Violation: MissingStructure, TRY
Violation: MissingStructure, END_BLOCK
Violation: MissingStructure, CATCH
Violation: MissingStructure, END_BLOCK
Answer Id --- http://stackoverflow.com/questions/11528491
Violation: MissingStructure, TRY
Violation: MissingStructure, END_BLOCK
Violation: MissingStructure, CATCH
Violation: MissingStructure, END_BLOCK
Violation: MissingStructure, TRY
Violation: MissingStructure, CATCH
Answer Id --- http://stackoverflow.com/questions/3985508
Violation: MissingStructure, TRY
Violation: MissingStructure, END_BLOCK
Violation: MissingStructure, CATCH
Violation: MissingStructure, END_BLOCK
Answer Id --- http://stackoverflow.com/questions/23039955
Violation: MissingStructure, TRY
Violation: MissingStructure, CATCH
Answer Id --- http://stackoverflow.com/questions/32108274
Violation: MissingStructure, TRY
Violation: MissingStructure, END_BLOCK
Violation: MissingStructure, CATCH
Violation: MissingStructure, END_BLOCK
Answer Id --- http://stackoverflow.com/questions/37671850
Violation: MissingStructure, TRY
Violation: MissingStructure, END_BLOCK
Violation: MissingStructure, CATCH
Violation: MissingStructure, END_BLOCK
Answer Id --- http://stackoverflow.com/questions/26611703
Violation: MissingStructure, TRY
Violation: MissingStructure, END_BLOCK
Violation: MissingStructure, CATCH
Violation: MissingStructure, END_BLOCK
Answer Id --- http://stackoverflow.com/questions/33300707
Violation: MissingStructure, TRY
Violation: MissingStructure, END_BLOCK
Violation: MissingStructure, CATCH
Violation: MissingStructure, END_BLOCK
Answer Id --- http://stackoverflow.com/questions/12066050
Violation: MissingStructure, TRY
Violation: MissingStructure, END_BLOCK
Violation: MissingStructure, CATCH
Violation: MissingStructure, END_BLOCK
Answer Id --- http://stackoverflow.com/questions/16308314
Violation: MissingStructure, TRY
Violation: MissingStructure, END_BLOCK
Violation: MissingStructure, CATCH
Violation: MissingStructure, END_BLOCK
Violation: MissingStructure, TRY
Violation: MissingStructure, END_BLOCK
Violation: MissingStructure, CATCH
Violation: MissingStructure, END_BLOCK
Answer Id --- http://stackoverflow.com/questions/18146713
Violation: MissingStructure, TRY
Violation: MissingStructure, END_BLOCK
Violation: MissingStructure, CATCH
Violation: MissingStructure, END_BLOCK
Answer Id --- http://stackoverflow.com/questions/15562932
Violation: MissingStructure, TRY
Violation: MissingStructure, END_BLOCK
Violation: MissingStructure, CATCH
Violation: MissingStructure, END_BLOCK
Answer Id --- http://stackoverflow.com/questions/38525770
Violation: MissingStructure, TRY
Violation: MissingStructure, END_BLOCK
Violation: MissingStructure, CATCH
Violation: MissingStructure, END_BLOCK
Answer Id --- http://stackoverflow.com/questions/16971126
Violation: MissingStructure, TRY
Violation: MissingStructure, END_BLOCK
Violation: MissingStructure, CATCH
Violation: MissingStructure, END_BLOCK
Answer Id --- http://stackoverflow.com/questions/34227802
Violation: MissingStructure, TRY
Violation: MissingStructure, END_BLOCK
Violation: MissingStructure, CATCH
Violation: MissingStructure, END_BLOCK
Answer Id --- http://stackoverflow.com/questions/3451823
Violation: MissingStructure, TRY
Violation: MissingStructure, END_BLOCK
Violation: MissingStructure, CATCH
Violation: MissingStructure, END_BLOCK
Answer Id --- http://stackoverflow.com/questions/27260575
Violation: MissingStructure, TRY
Violation: MissingStructure, END_BLOCK
Violation: MissingStructure, CATCH
Violation: MissingStructure, END_BLOCK
Answer Id --- http://stackoverflow.com/questions/16586921
Violation: MissingStructure, TRY
Violation: MissingStructure, END_BLOCK
Violation: MissingStructure, CATCH
Violation: MissingStructure, END_BLOCK
Answer Id --- http://stackoverflow.com/questions/10332664
Violation: MissingStructure, TRY
Violation: MissingStructure, END_BLOCK
Violation: MissingStructure, CATCH
Violation: MissingStructure, END_BLOCK
Answer Id --- http://stackoverflow.com/questions/13784098
Violation: MissingStructure, TRY
Violation: MissingStructure, END_BLOCK
Violation: MissingStructure, CATCH
Violation: MissingStructure, END_BLOCK
Answer Id --- http://stackoverflow.com/questions/28031194
Violation: MissingStructure, TRY
Violation: MissingStructure, END_BLOCK
Violation: MissingStructure, CATCH
Violation: MissingStructure, END_BLOCK
Answer Id --- http://stackoverflow.com/questions/10414727
Violation: MissingStructure, TRY
Violation: MissingStructure, END_BLOCK
Violation: MissingStructure, CATCH
Violation: MissingStructure, END_BLOCK
Answer Id --- http://stackoverflow.com/questions/17860708
Violation: MissingStructure, TRY
Violation: MissingStructure, END_BLOCK
Violation: MissingStructure, CATCH
Violation: MissingStructure, END_BLOCK
Answer Id --- http://stackoverflow.com/questions/16144016
Violation: MissingStructure, TRY
Violation: MissingStructure, END_BLOCK
Violation: MissingStructure, CATCH
Violation: MissingStructure, END_BLOCK
Answer Id --- http://stackoverflow.com/questions/29881041
Violation: MissingStructure, TRY
Violation: MissingStructure, END_BLOCK
Violation: MissingStructure, CATCH
Violation: MissingStructure, END_BLOCK
Answer Id --- http://stackoverflow.com/questions/6094533
Violation: MissingStructure, TRY
Violation: MissingStructure, END_BLOCK
Violation: MissingStructure, CATCH
Violation: MissingStructure, END_BLOCK
Answer Id --- http://stackoverflow.com/questions/2938269
Violation: MissingStructure, TRY
Violation: DisorderStructure, END_BLOCK
Violation: MissingStructure, CATCH
Violation: DisorderStructure, END_BLOCK
Answer Id --- http://stackoverflow.com/questions/10380670
Violation: MissingStructure, TRY
Violation: MissingStructure, END_BLOCK
Violation: MissingStructure, CATCH
Violation: MissingStructure, END_BLOCK
Answer Id --- http://stackoverflow.com/questions/11090193
Violation: MissingStructure, TRY
Violation: MissingStructure, END_BLOCK
Violation: MissingStructure, CATCH
Violation: MissingStructure, END_BLOCK
Answer Id --- http://stackoverflow.com/questions/32166210
Violation: MissingStructure, TRY
Violation: MissingStructure, END_BLOCK
Violation: MissingStructure, CATCH
Violation: MissingStructure, END_BLOCK
Answer Id --- http://stackoverflow.com/questions/18745714
Violation: MissingStructure, TRY
Violation: MissingStructure, END_BLOCK
Violation: MissingStructure, CATCH
Violation: MissingStructure, END_BLOCK
Answer Id --- http://stackoverflow.com/questions/3177591
Violation: MissingStructure, TRY
Violation: MissingStructure, END_BLOCK
Violation: MissingStructure, CATCH
Violation: MissingStructure, END_BLOCK
Answer Id --- http://stackoverflow.com/questions/19223599
Violation: MissingStructure, TRY
Violation: MissingStructure, END_BLOCK
Violation: MissingStructure, CATCH
Violation: MissingStructure, END_BLOCK
Answer Id --- http://stackoverflow.com/questions/13897008
Violation: MissingStructure, TRY
Violation: MissingStructure, END_BLOCK
Violation: MissingStructure, CATCH
Violation: MissingStructure, END_BLOCK
Answer Id --- http://stackoverflow.com/questions/25656469
Violation: MissingStructure, TRY
Violation: MissingStructure, END_BLOCK
Violation: MissingStructure, CATCH
Violation: MissingStructure, END_BLOCK
Answer Id --- http://stackoverflow.com/questions/992119
Violation: MissingStructure, TRY
Violation: MissingStructure, END_BLOCK
Violation: MissingStructure, CATCH
Violation: MissingStructure, END_BLOCK
Answer Id --- http://stackoverflow.com/questions/29083935
Violation: MissingStructure, TRY
Violation: MissingStructure, END_BLOCK
Violation: MissingStructure, CATCH
Violation: MissingStructure, END_BLOCK
Answer Id --- http://stackoverflow.com/questions/37405829
Violation: MissingStructure, TRY
Violation: MissingStructure, END_BLOCK
Violation: MissingStructure, CATCH
Violation: MissingStructure, END_BLOCK
Answer Id --- http://stackoverflow.com/questions/10662423
Violation: MissingStructure, TRY
Violation: MissingStructure, END_BLOCK
Violation: MissingStructure, CATCH
Violation: MissingStructure, END_BLOCK
Answer Id --- http://stackoverflow.com/questions/34389584
Violation: MissingStructure, TRY
Violation: MissingStructure, END_BLOCK
Violation: MissingStructure, CATCH
Violation: MissingStructure, END_BLOCK
Answer Id --- http://stackoverflow.com/questions/15430373
Violation: MissingStructure, TRY
Violation: MissingStructure, END_BLOCK
Violation: MissingStructure, CATCH
Violation: MissingStructure, END_BLOCK
Answer Id --- http://stackoverflow.com/questions/35780454
Violation: MissingStructure, TRY
Violation: MissingStructure, END_BLOCK
Violation: MissingStructure, CATCH
Violation: MissingStructure, END_BLOCK
Answer Id --- http://stackoverflow.com/questions/8723979
Violation: MissingStructure, TRY
Violation: MissingStructure, CATCH
Violation: MissingStructure, TRY
Violation: MissingStructure, CATCH
Answer Id --- http://stackoverflow.com/questions/5445998
Violation: MissingStructure, TRY
Violation: MissingStructure, END_BLOCK
Violation: MissingStructure, CATCH
Violation: MissingStructure, END_BLOCK
Answer Id --- http://stackoverflow.com/questions/115540
Violation: MissingStructure, TRY
Violation: MissingStructure, END_BLOCK
Violation: MissingStructure, CATCH
Violation: MissingStructure, END_BLOCK
Answer Id --- http://stackoverflow.com/questions/14297219
Violation: MissingStructure, TRY
Violation: MissingStructure, END_BLOCK
Violation: MissingStructure, CATCH
Violation: MissingStructure, END_BLOCK
Answer Id --- http://stackoverflow.com/questions/13072154
Violation: MissingStructure, TRY
Violation: MissingStructure, END_BLOCK
Violation: MissingStructure, CATCH
Violation: MissingStructure, END_BLOCK
Answer Id --- http://stackoverflow.com/questions/16099061
Violation: MissingStructure, TRY
Violation: MissingStructure, END_BLOCK
Violation: MissingStructure, CATCH
Violation: MissingStructure, END_BLOCK
Violation: MissingStructure, TRY
Violation: MissingStructure, END_BLOCK
Violation: MissingStructure, CATCH
Violation: MissingStructure, END_BLOCK
Answer Id --- http://stackoverflow.com/questions/18382430
Violation: MissingStructure, TRY
Violation: MissingStructure, END_BLOCK
Violation: MissingStructure, CATCH
Violation: MissingStructure, END_BLOCK
Answer Id --- http://stackoverflow.com/questions/28876379
Violation: MissingStructure, TRY
Violation: MissingStructure, END_BLOCK
Violation: MissingStructure, CATCH
Violation: MissingStructure, END_BLOCK
Answer Id --- http://stackoverflow.com/questions/26613159
Violation: MissingStructure, TRY
Violation: MissingStructure, END_BLOCK
Violation: MissingStructure, CATCH
Violation: MissingStructure, END_BLOCK
Answer Id --- http://stackoverflow.com/questions/36787096
Violation: MissingStructure, TRY
Violation: MissingStructure, END_BLOCK
Violation: MissingStructure, CATCH
Violation: MissingStructure, END_BLOCK
Violation: MissingStructure, TRY
Violation: MissingStructure, END_BLOCK
Violation: MissingStructure, CATCH
Violation: MissingStructure, END_BLOCK
Answer Id --- http://stackoverflow.com/questions/23208113
Violation: MissingStructure, TRY
Violation: MissingStructure, END_BLOCK
Violation: MissingStructure, CATCH
Violation: MissingStructure, END_BLOCK
Answer Id --- http://stackoverflow.com/questions/28024135
Violation: MissingStructure, TRY
Violation: MissingStructure, END_BLOCK
Violation: MissingStructure, CATCH
Violation: MissingStructure, END_BLOCK
Answer Id --- http://stackoverflow.com/questions/21805065
Violation: MissingStructure, TRY
Violation: MissingStructure, END_BLOCK
Violation: MissingStructure, CATCH
Violation: MissingStructure, END_BLOCK
Answer Id --- http://stackoverflow.com/questions/2580584
Violation: MissingStructure, TRY
Violation: MissingStructure, END_BLOCK
Violation: MissingStructure, CATCH
Violation: MissingStructure, END_BLOCK
Answer Id --- http://stackoverflow.com/questions/11601201
Violation: MissingStructure, TRY
Violation: MissingStructure, END_BLOCK
Violation: MissingStructure, CATCH
Violation: MissingStructure, END_BLOCK
Violation: MissingStructure, TRY
Violation: MissingStructure, END_BLOCK
Violation: MissingStructure, CATCH
Violation: MissingStructure, END_BLOCK
Answer Id --- http://stackoverflow.com/questions/4533289
Violation: MissingStructure, TRY
Violation: MissingStructure, END_BLOCK
Violation: MissingStructure, CATCH
Violation: MissingStructure, END_BLOCK
Answer Id --- http://stackoverflow.com/questions/6252501
Violation: MissingStructure, TRY
Violation: MissingStructure, END_BLOCK
Violation: MissingStructure, CATCH
Violation: MissingStructure, END_BLOCK
Answer Id --- http://stackoverflow.com/questions/32006988
Violation: MissingStructure, TRY
Violation: MissingStructure, END_BLOCK
Violation: MissingStructure, CATCH
Violation: MissingStructure, END_BLOCK
Answer Id --- http://stackoverflow.com/questions/20689409
Violation: MissingStructure, TRY
Violation: MissingStructure, END_BLOCK
Violation: MissingStructure, CATCH
Violation: MissingStructure, END_BLOCK
Answer Id --- http://stackoverflow.com/questions/23723450
Violation: MissingStructure, TRY
Violation: MissingStructure, CATCH
Answer Id --- http://stackoverflow.com/questions/30154158
Violation: MissingStructure, TRY
Violation: MissingStructure, END_BLOCK
Violation: MissingStructure, CATCH
Violation: MissingStructure, END_BLOCK
Answer Id --- http://stackoverflow.com/questions/14845785
Violation: MissingStructure, TRY
Violation: DisorderStructure, END_BLOCK
Violation: MissingStructure, CATCH
Violation: DisorderStructure, END_BLOCK
Answer Id --- http://stackoverflow.com/questions/32055879
Violation: MissingStructure, TRY
Violation: MissingStructure, END_BLOCK
Violation: MissingStructure, CATCH
Violation: MissingStructure, END_BLOCK
Answer Id --- http://stackoverflow.com/questions/10227813
Violation: MissingStructure, TRY
Violation: MissingStructure, END_BLOCK
Violation: MissingStructure, CATCH
Violation: MissingStructure, END_BLOCK
Answer Id --- http://stackoverflow.com/questions/2027694
Violation: MissingStructure, TRY
Violation: MissingStructure, END_BLOCK
Violation: MissingStructure, CATCH
Violation: MissingStructure, END_BLOCK
Answer Id --- http://stackoverflow.com/questions/992167
Violation: MissingStructure, TRY
Violation: MissingStructure, END_BLOCK
Violation: MissingStructure, CATCH
Violation: MissingStructure, END_BLOCK
Answer Id --- http://stackoverflow.com/questions/18640102
Violation: MissingStructure, TRY
Violation: MissingStructure, END_BLOCK
Violation: MissingStructure, CATCH
Violation: MissingStructure, END_BLOCK
Answer Id --- http://stackoverflow.com/questions/23875538
Violation: MissingStructure, TRY
Violation: MissingStructure, END_BLOCK
Violation: MissingStructure, CATCH
Violation: MissingStructure, END_BLOCK
Violation: MissingStructure, TRY
Violation: MissingStructure, END_BLOCK
Violation: MissingStructure, CATCH
Violation: MissingStructure, END_BLOCK
Answer Id --- http://stackoverflow.com/questions/12621128
Violation: MissingStructure, TRY
Violation: MissingStructure, END_BLOCK
Violation: MissingStructure, CATCH
Violation: MissingStructure, END_BLOCK
Answer Id --- http://stackoverflow.com/questions/16596992
Violation: MissingStructure, TRY
Violation: MissingStructure, END_BLOCK
Violation: MissingStructure, CATCH
Violation: MissingStructure, END_BLOCK
Answer Id --- http://stackoverflow.com/questions/38482749
Violation: MissingStructure, TRY
Violation: MissingStructure, END_BLOCK
Violation: MissingStructure, CATCH
Violation: MissingStructure, END_BLOCK
Answer Id --- http://stackoverflow.com/questions/5245184
Violation: MissingStructure, TRY
Violation: MissingStructure, END_BLOCK
Violation: MissingStructure, CATCH
Violation: MissingStructure, END_BLOCK
Answer Id --- http://stackoverflow.com/questions/36736209
Violation: MissingStructure, TRY
Violation: DisorderMethodCall, init@true && !(selectingApplet())
Violation: MissingStructure, CATCH
Answer Id --- http://stackoverflow.com/questions/28506922
Violation: MissingStructure, TRY
Violation: MissingStructure, END_BLOCK
Violation: MissingStructure, CATCH
Violation: MissingStructure, END_BLOCK
Answer Id --- http://stackoverflow.com/questions/14922107
Violation: MissingStructure, TRY
Violation: MissingStructure, END_BLOCK
Violation: MissingStructure, CATCH
Violation: MissingStructure, END_BLOCK
Answer Id --- http://stackoverflow.com/questions/11920297
Violation: MissingStructure, TRY
Violation: MissingStructure, END_BLOCK
Violation: MissingStructure, CATCH
Violation: MissingStructure, END_BLOCK
Answer Id --- http://stackoverflow.com/questions/13209169
Violation: MissingStructure, TRY
Violation: MissingStructure, END_BLOCK
Violation: MissingStructure, CATCH
Violation: MissingStructure, END_BLOCK
Answer Id --- http://stackoverflow.com/questions/37701616
Violation: MissingStructure, TRY
Violation: MissingStructure, END_BLOCK
Violation: MissingStructure, CATCH
Violation: MissingStructure, END_BLOCK
Answer Id --- http://stackoverflow.com/questions/37989430
Violation: MissingStructure, TRY
Violation: MissingStructure, END_BLOCK
Violation: MissingStructure, CATCH
Violation: MissingStructure, END_BLOCK
Answer Id --- http://stackoverflow.com/questions/16384493
Violation: MissingStructure, TRY
Violation: MissingStructure, END_BLOCK
Violation: MissingStructure, CATCH
Violation: MissingStructure, END_BLOCK
Answer Id --- http://stackoverflow.com/questions/31414449
Violation: MissingStructure, TRY
Violation: MissingStructure, END_BLOCK
Violation: MissingStructure, CATCH
Violation: MissingStructure, END_BLOCK
Answer Id --- http://stackoverflow.com/questions/10705757
Violation: MissingStructure, TRY
Violation: MissingStructure, END_BLOCK
Violation: MissingStructure, CATCH
Violation: MissingStructure, END_BLOCK
Answer Id --- http://stackoverflow.com/questions/15683916
Violation: MissingStructure, TRY
Violation: MissingStructure, END_BLOCK
Violation: MissingStructure, CATCH
Violation: MissingStructure, END_BLOCK
Answer Id --- http://stackoverflow.com/questions/20382488
Violation: MissingStructure, TRY
Violation: MissingStructure, END_BLOCK
Violation: MissingStructure, CATCH
Violation: MissingStructure, END_BLOCK
Answer Id --- http://stackoverflow.com/questions/21411130
Violation: MissingStructure, TRY
Violation: MissingStructure, END_BLOCK
Violation: MissingStructure, CATCH
Violation: MissingStructure, END_BLOCK
Answer Id --- http://stackoverflow.com/questions/35297928
Violation: MissingStructure, TRY
Violation: MissingStructure, END_BLOCK
Violation: MissingStructure, CATCH
Violation: MissingStructure, END_BLOCK
Answer Id --- http://stackoverflow.com/questions/30597814
Violation: MissingStructure, TRY
Violation: MissingStructure, END_BLOCK
Violation: MissingStructure, CATCH
Violation: MissingStructure, END_BLOCK
Answer Id --- http://stackoverflow.com/questions/13501136
Violation: MissingStructure, TRY
Violation: MissingStructure, END_BLOCK
Violation: MissingStructure, CATCH
Violation: MissingStructure, END_BLOCK
Violation: MissingStructure, TRY
Violation: MissingStructure, END_BLOCK
Violation: MissingStructure, CATCH
Violation: MissingStructure, END_BLOCK
Answer Id --- http://stackoverflow.com/questions/18433119
Violation: MissingStructure, TRY
Violation: MissingStructure, CATCH
Answer Id --- http://stackoverflow.com/questions/12837136
Violation: MissingStructure, TRY
Violation: MissingStructure, END_BLOCK
Violation: MissingStructure, CATCH
Violation: MissingStructure, END_BLOCK
Answer Id --- http://stackoverflow.com/questions/6431225
Violation: MissingStructure, TRY
Violation: MissingStructure, END_BLOCK
Violation: MissingStructure, CATCH
Violation: MissingStructure, END_BLOCK
Answer Id --- http://stackoverflow.com/questions/10958133
Violation: MissingStructure, TRY
Violation: MissingStructure, END_BLOCK
Violation: MissingStructure, CATCH
Violation: MissingStructure, END_BLOCK
Answer Id --- http://stackoverflow.com/questions/33489269
Violation: MissingStructure, TRY
Violation: MissingStructure, END_BLOCK
Violation: MissingStructure, CATCH
Violation: MissingStructure, END_BLOCK
Answer Id --- http://stackoverflow.com/questions/33768305
Violation: MissingStructure, TRY
Violation: DisorderStructure, END_BLOCK
Violation: MissingStructure, CATCH
Violation: DisorderStructure, END_BLOCK
Answer Id --- http://stackoverflow.com/questions/11187720
Violation: MissingStructure, TRY
Violation: MissingStructure, END_BLOCK
Violation: MissingStructure, CATCH
Violation: MissingStructure, END_BLOCK
Answer Id --- http://stackoverflow.com/questions/20680129
Violation: MissingStructure, TRY
Violation: MissingStructure, CATCH
Answer Id --- http://stackoverflow.com/questions/27558509
Violation: MissingStructure, TRY
Violation: MissingStructure, END_BLOCK
Violation: MissingStructure, CATCH
Violation: MissingStructure, END_BLOCK
Answer Id --- http://stackoverflow.com/questions/15595200
Violation: MissingStructure, CATCH
Answer Id --- http://stackoverflow.com/questions/20401655
Violation: MissingStructure, TRY
Violation: MissingStructure, END_BLOCK
Violation: MissingStructure, CATCH
Violation: MissingStructure, END_BLOCK
Violation: MissingStructure, TRY
Violation: MissingStructure, END_BLOCK
Violation: MissingStructure, CATCH
Violation: MissingStructure, END_BLOCK
Answer Id --- http://stackoverflow.com/questions/26516035
Violation: MissingStructure, TRY
Violation: MissingStructure, END_BLOCK
Violation: MissingStructure, CATCH
Violation: MissingStructure, END_BLOCK
Answer Id --- http://stackoverflow.com/questions/37081931
Violation: MissingStructure, TRY
Violation: MissingStructure, CATCH
Answer Id --- http://stackoverflow.com/questions/7988392
Violation: MissingStructure, TRY
Violation: MissingStructure, END_BLOCK
Violation: MissingStructure, CATCH
Violation: MissingStructure, END_BLOCK
Answer Id --- http://stackoverflow.com/questions/9496626
Violation: MissingStructure, TRY
Violation: MissingStructure, CATCH
Answer Id --- http://stackoverflow.com/questions/30933692
Violation: MissingStructure, TRY
Violation: MissingStructure, END_BLOCK
Violation: MissingStructure, CATCH
Violation: MissingStructure, END_BLOCK
Answer Id --- http://stackoverflow.com/questions/32498941
Violation: MissingStructure, TRY
Violation: MissingStructure, END_BLOCK
Violation: MissingStructure, CATCH
Violation: MissingStructure, END_BLOCK
Answer Id --- http://stackoverflow.com/questions/8029555
Violation: MissingStructure, TRY
Violation: MissingStructure, END_BLOCK
Violation: MissingStructure, CATCH
Violation: MissingStructure, END_BLOCK
Answer Id --- http://stackoverflow.com/questions/4490169
Violation: MissingStructure, TRY
Violation: MissingStructure, END_BLOCK
Violation: MissingStructure, CATCH
Violation: MissingStructure, END_BLOCK
Answer Id --- http://stackoverflow.com/questions/4806623
Violation: MissingStructure, TRY
Violation: MissingStructure, END_BLOCK
Violation: MissingStructure, CATCH
Violation: MissingStructure, END_BLOCK
Answer Id --- http://stackoverflow.com/questions/25793893
Violation: MissingStructure, TRY
Violation: MissingStructure, CATCH
Answer Id --- http://stackoverflow.com/questions/29354222
Violation: MissingStructure, TRY
Violation: MissingStructure, END_BLOCK
Violation: MissingStructure, CATCH
Violation: MissingStructure, END_BLOCK
Answer Id --- http://stackoverflow.com/questions/22052528
Violation: MissingStructure, TRY
Violation: MissingStructure, END_BLOCK
Violation: MissingStructure, CATCH
Violation: MissingStructure, END_BLOCK
Answer Id --- http://stackoverflow.com/questions/859402
Violation: MissingStructure, TRY
Violation: MissingStructure, CATCH
Answer Id --- http://stackoverflow.com/questions/23323835
Violation: MissingStructure, TRY
Violation: MissingStructure, END_BLOCK
Violation: MissingStructure, CATCH
Violation: MissingStructure, END_BLOCK
Answer Id --- http://stackoverflow.com/questions/9537017
Violation: MissingStructure, TRY
Violation: MissingStructure, END_BLOCK
Violation: MissingStructure, CATCH
Violation: MissingStructure, END_BLOCK
Answer Id --- http://stackoverflow.com/questions/39064616
Violation: MissingStructure, TRY
Violation: MissingStructure, END_BLOCK
Violation: MissingStructure, CATCH
Violation: MissingStructure, END_BLOCK
Answer Id --- http://stackoverflow.com/questions/19065020
Violation: MissingStructure, TRY
Violation: MissingStructure, END_BLOCK
Violation: MissingStructure, CATCH
Violation: MissingStructure, END_BLOCK
Answer Id --- http://stackoverflow.com/questions/11065183
Violation: MissingStructure, TRY
Violation: MissingStructure, END_BLOCK
Violation: MissingStructure, CATCH
Violation: MissingStructure, END_BLOCK
Answer Id --- http://stackoverflow.com/questions/29152379
Violation: MissingStructure, TRY
Violation: MissingStructure, END_BLOCK
Violation: MissingStructure, CATCH
Violation: MissingStructure, END_BLOCK
Answer Id --- http://stackoverflow.com/questions/37401465
Violation: MissingStructure, TRY
Violation: MissingStructure, END_BLOCK
Violation: MissingStructure, CATCH
Violation: MissingStructure, END_BLOCK
Answer Id --- http://stackoverflow.com/questions/22449445
Violation: DisorderMethodCall, init@true
Answer Id --- http://stackoverflow.com/questions/22502525
Violation: MissingStructure, TRY
Violation: MissingStructure, END_BLOCK
Violation: MissingStructure, CATCH
Violation: MissingStructure, END_BLOCK
Answer Id --- http://stackoverflow.com/questions/36881248
Violation: MissingStructure, TRY
Violation: MissingStructure, END_BLOCK
Violation: MissingStructure, CATCH
Violation: MissingStructure, END_BLOCK
Answer Id --- http://stackoverflow.com/questions/24397104
Violation: MissingStructure, TRY
Violation: MissingStructure, END_BLOCK
Violation: MissingStructure, CATCH
Violation: MissingStructure, END_BLOCK
Answer Id --- http://stackoverflow.com/questions/5665680
Violation: MissingStructure, TRY
Violation: MissingStructure, END_BLOCK
Violation: MissingStructure, CATCH
Violation: MissingStructure, END_BLOCK
Answer Id --- http://stackoverflow.com/questions/36736065
Violation: MissingStructure, TRY
Violation: DisorderStructure, END_BLOCK
Violation: MissingStructure, CATCH
Violation: DisorderStructure, END_BLOCK
Answer Id --- http://stackoverflow.com/questions/10087962
Violation: MissingStructure, TRY
Violation: MissingStructure, END_BLOCK
Violation: MissingStructure, CATCH
Violation: MissingStructure, END_BLOCK
Violation: MissingStructure, TRY
Violation: MissingStructure, CATCH
Answer Id --- http://stackoverflow.com/questions/13991540
Violation: MissingStructure, TRY
Violation: MissingStructure, CATCH
Answer Id --- http://stackoverflow.com/questions/36860629
Violation: MissingStructure, TRY
Violation: MissingStructure, END_BLOCK
Violation: MissingStructure, CATCH
Violation: MissingStructure, END_BLOCK
Answer Id --- http://stackoverflow.com/questions/35318524
Violation: MissingStructure, TRY
Violation: MissingStructure, END_BLOCK
Violation: MissingStructure, CATCH
Violation: MissingStructure, END_BLOCK
Answer Id --- http://stackoverflow.com/questions/9596335
Violation: MissingStructure, TRY
Violation: MissingStructure, CATCH
Answer Id --- http://stackoverflow.com/questions/12136740
Violation: MissingStructure, TRY
Violation: MissingStructure, END_BLOCK
Violation: MissingStructure, CATCH
Violation: MissingStructure, END_BLOCK
Answer Id --- http://stackoverflow.com/questions/8396018
Violation: DisorderMethodCall, init@true
Violation: DisorderMethodCall, init@true
Answer Id --- http://stackoverflow.com/questions/11271845
Violation: MissingStructure, TRY
Violation: MissingStructure, END_BLOCK
Violation: MissingStructure, CATCH
Violation: MissingStructure, END_BLOCK
Answer Id --- http://stackoverflow.com/questions/27945391
Violation: MissingStructure, TRY
Violation: MissingStructure, END_BLOCK
Violation: MissingStructure, CATCH
Violation: MissingStructure, END_BLOCK
Answer Id --- http://stackoverflow.com/questions/21265768
Violation: MissingStructure, TRY
Violation: MissingStructure, END_BLOCK
Violation: MissingStructure, CATCH
Violation: MissingStructure, END_BLOCK
Answer Id --- http://stackoverflow.com/questions/39292633
Violation: MissingStructure, TRY
Violation: MissingStructure, END_BLOCK
Violation: MissingStructure, CATCH
Violation: MissingStructure, END_BLOCK
Answer Id --- http://stackoverflow.com/questions/6824475
Violation: MissingStructure, TRY
Violation: MissingStructure, END_BLOCK
Violation: MissingStructure, CATCH
Violation: MissingStructure, END_BLOCK
Answer Id --- http://stackoverflow.com/questions/37593463
Violation: MissingStructure, TRY
Violation: MissingStructure, END_BLOCK
Violation: MissingStructure, CATCH
Violation: MissingStructure, END_BLOCK
Answer Id --- http://stackoverflow.com/questions/28050457
Violation: MissingStructure, TRY
Violation: MissingStructure, END_BLOCK
Violation: MissingStructure, CATCH
Violation: MissingStructure, END_BLOCK
Answer Id --- http://stackoverflow.com/questions/10398040
Violation: MissingStructure, TRY
Violation: MissingStructure, END_BLOCK
Violation: MissingStructure, CATCH
Violation: MissingStructure, END_BLOCK
Answer Id --- http://stackoverflow.com/questions/29357664
Violation: MissingStructure, TRY
Violation: MissingStructure, END_BLOCK
Violation: MissingStructure, CATCH
Violation: MissingStructure, END_BLOCK
Answer Id --- http://stackoverflow.com/questions/992413
Violation: MissingStructure, TRY
Violation: MissingStructure, END_BLOCK
Violation: MissingStructure, CATCH
Violation: MissingStructure, END_BLOCK
Violation: MissingStructure, TRY
Violation: MissingStructure, END_BLOCK
Violation: MissingStructure, CATCH
Violation: MissingStructure, END_BLOCK
Answer Id --- http://stackoverflow.com/questions/32167799
Violation: MissingStructure, TRY
Violation: MissingStructure, END_BLOCK
Violation: MissingStructure, CATCH
Violation: MissingStructure, END_BLOCK
Answer Id --- http://stackoverflow.com/questions/38134300
Violation: MissingStructure, TRY
Violation: MissingStructure, END_BLOCK
Violation: MissingStructure, CATCH
Violation: MissingStructure, END_BLOCK
Missing Control-flow Structure: 158
Disorder Control-flow Structure: 4
Missing API Call: 0
Disorder API Call: 3
Incorrect Predicates: 0

