Total number of relevant Java snippets: 1176
Total number of unreliable Java snippets: 671
Answer Id --- http://stackoverflow.com/questions/5422657
Violation: MissingMethodCall, pack@true
Answer Id --- http://stackoverflow.com/questions/36011226
Violation: MissingMethodCall, pack@true
Answer Id --- http://stackoverflow.com/questions/26243207
Violation: MissingMethodCall, pack@true
Answer Id --- http://stackoverflow.com/questions/23448305
Violation: MissingMethodCall, pack@true
Answer Id --- http://stackoverflow.com/questions/7782749
Violation: MissingMethodCall, pack@true
Answer Id --- http://stackoverflow.com/questions/30805923
Violation: MissingMethodCall, pack@true
Answer Id --- http://stackoverflow.com/questions/24205746
Violation: MissingMethodCall, pack@true
Answer Id --- http://stackoverflow.com/questions/20995556
Violation: MissingMethodCall, pack@true
Answer Id --- http://stackoverflow.com/questions/29808268
Violation: MissingMethodCall, pack@true
Answer Id --- http://stackoverflow.com/questions/35906545
Violation: MissingMethodCall, pack@true
Answer Id --- http://stackoverflow.com/questions/4093320
Violation: MissingMethodCall, pack@true
Answer Id --- http://stackoverflow.com/questions/16700273
Violation: MissingMethodCall, pack@true
Answer Id --- http://stackoverflow.com/questions/10299581
Violation: MissingMethodCall, pack@true
Answer Id --- http://stackoverflow.com/questions/6346715
Violation: MissingMethodCall, pack@true
Answer Id --- http://stackoverflow.com/questions/7737098
Violation: MissingMethodCall, pack@true
Answer Id --- http://stackoverflow.com/questions/25984627
Violation: MissingMethodCall, pack@true
Answer Id --- http://stackoverflow.com/questions/3373436
Violation: MissingMethodCall, pack@true
Answer Id --- http://stackoverflow.com/questions/5209299
Violation: MissingMethodCall, pack@true
Answer Id --- http://stackoverflow.com/questions/16381838
Violation: MissingMethodCall, pack@true
Answer Id --- http://stackoverflow.com/questions/31490924
Violation: MissingMethodCall, pack@true
Answer Id --- http://stackoverflow.com/questions/5864503
Violation: MissingMethodCall, pack@true
Answer Id --- http://stackoverflow.com/questions/28158150
Violation: MissingMethodCall, pack@true
Answer Id --- http://stackoverflow.com/questions/7154564
Violation: MissingMethodCall, pack@true
Answer Id --- http://stackoverflow.com/questions/3120076
Violation: MissingMethodCall, pack@true
Answer Id --- http://stackoverflow.com/questions/17430330
Violation: MissingMethodCall, pack@true
Answer Id --- http://stackoverflow.com/questions/36391267
Violation: MissingMethodCall, pack@true
Answer Id --- http://stackoverflow.com/questions/13897079
Violation: MissingMethodCall, pack@true
Answer Id --- http://stackoverflow.com/questions/3742841
Violation: MissingMethodCall, pack@true
Answer Id --- http://stackoverflow.com/questions/33209355
Violation: MissingMethodCall, pack@true
Answer Id --- http://stackoverflow.com/questions/23720562
Violation: MissingMethodCall, pack@true
Answer Id --- http://stackoverflow.com/questions/12927898
Violation: MissingMethodCall, pack@true
Answer Id --- http://stackoverflow.com/questions/26318653
Violation: MissingMethodCall, pack@true
Answer Id --- http://stackoverflow.com/questions/22731033
Violation: MissingMethodCall, pack@true
Answer Id --- http://stackoverflow.com/questions/28808398
Violation: MissingMethodCall, pack@true
Answer Id --- http://stackoverflow.com/questions/32526799
Violation: MissingMethodCall, pack@true
Answer Id --- http://stackoverflow.com/questions/24802021
Violation: MissingMethodCall, pack@true
Answer Id --- http://stackoverflow.com/questions/20723302
Violation: MissingMethodCall, pack@true
Answer Id --- http://stackoverflow.com/questions/7207550
Violation: MissingMethodCall, pack@true
Answer Id --- http://stackoverflow.com/questions/11278276
Violation: MissingMethodCall, pack@true
Answer Id --- http://stackoverflow.com/questions/20462607
Violation: MissingMethodCall, pack@true
Answer Id --- http://stackoverflow.com/questions/13135148
Violation: MissingMethodCall, pack@true
Answer Id --- http://stackoverflow.com/questions/29932307
Violation: MissingMethodCall, pack@true
Answer Id --- http://stackoverflow.com/questions/25710985
Violation: MissingMethodCall, pack@true
Answer Id --- http://stackoverflow.com/questions/35035106
Violation: MissingMethodCall, pack@true
Answer Id --- http://stackoverflow.com/questions/30153264
Violation: MissingMethodCall, pack@true
Answer Id --- http://stackoverflow.com/questions/2114490
Violation: MissingMethodCall, pack@true
Answer Id --- http://stackoverflow.com/questions/23459402
Violation: DisorderMethodCall, pack@true
Answer Id --- http://stackoverflow.com/questions/11285574
Violation: MissingMethodCall, pack@true
Answer Id --- http://stackoverflow.com/questions/30816624
Violation: MissingMethodCall, pack@true
Answer Id --- http://stackoverflow.com/questions/28142060
Violation: MissingMethodCall, pack@true
Answer Id --- http://stackoverflow.com/questions/6902589
Violation: MissingMethodCall, pack@true
Answer Id --- http://stackoverflow.com/questions/19350490
Violation: MissingMethodCall, pack@true
Answer Id --- http://stackoverflow.com/questions/5914942
Violation: MissingMethodCall, pack@true
Violation: MissingMethodCall, pack@true
Answer Id --- http://stackoverflow.com/questions/1132265
Violation: MissingMethodCall, pack@true
Answer Id --- http://stackoverflow.com/questions/21435951
Violation: MissingMethodCall, pack@true
Answer Id --- http://stackoverflow.com/questions/29155571
Violation: MissingMethodCall, pack@true
Answer Id --- http://stackoverflow.com/questions/32414716
Violation: MissingMethodCall, pack@true
Answer Id --- http://stackoverflow.com/questions/23798813
Violation: MissingMethodCall, pack@true
Answer Id --- http://stackoverflow.com/questions/27679375
Violation: MissingMethodCall, pack@true
Answer Id --- http://stackoverflow.com/questions/32414287
Violation: MissingMethodCall, pack@true
Answer Id --- http://stackoverflow.com/questions/7710937
Violation: MissingMethodCall, pack@true
Answer Id --- http://stackoverflow.com/questions/3605990
Violation: MissingMethodCall, pack@true
Answer Id --- http://stackoverflow.com/questions/11578674
Violation: MissingMethodCall, pack@true
Answer Id --- http://stackoverflow.com/questions/37045050
Violation: MissingMethodCall, pack@true
Answer Id --- http://stackoverflow.com/questions/27791813
Violation: MissingMethodCall, pack@true
Answer Id --- http://stackoverflow.com/questions/22548923
Violation: MissingMethodCall, pack@true
Answer Id --- http://stackoverflow.com/questions/5350180
Violation: MissingMethodCall, pack@true
Answer Id --- http://stackoverflow.com/questions/5601099
Violation: MissingMethodCall, pack@true
Answer Id --- http://stackoverflow.com/questions/6887628
Violation: MissingMethodCall, pack@true
Answer Id --- http://stackoverflow.com/questions/35897493
Violation: MissingMethodCall, pack@true
Answer Id --- http://stackoverflow.com/questions/7203419
Violation: MissingMethodCall, pack@true
Answer Id --- http://stackoverflow.com/questions/2846497
Violation: MissingMethodCall, pack@true
Answer Id --- http://stackoverflow.com/questions/23375436
Violation: MissingMethodCall, pack@true
Answer Id --- http://stackoverflow.com/questions/12278046
Violation: MissingMethodCall, pack@true
Answer Id --- http://stackoverflow.com/questions/38401639
Violation: MissingMethodCall, pack@true
Answer Id --- http://stackoverflow.com/questions/26817022
Violation: MissingMethodCall, pack@true
Answer Id --- http://stackoverflow.com/questions/34029654
Violation: MissingMethodCall, pack@true
Answer Id --- http://stackoverflow.com/questions/30429978
Violation: MissingMethodCall, pack@true
Answer Id --- http://stackoverflow.com/questions/18867254
Violation: MissingMethodCall, pack@true
Answer Id --- http://stackoverflow.com/questions/10488592
Violation: MissingMethodCall, pack@true
Answer Id --- http://stackoverflow.com/questions/5555151
Violation: MissingMethodCall, pack@true
Answer Id --- http://stackoverflow.com/questions/27325819
Violation: MissingMethodCall, pack@true
Answer Id --- http://stackoverflow.com/questions/4061645
Violation: MissingMethodCall, pack@true
Answer Id --- http://stackoverflow.com/questions/27580601
Violation: MissingMethodCall, pack@true
Answer Id --- http://stackoverflow.com/questions/14583068
Violation: MissingMethodCall, pack@true
Answer Id --- http://stackoverflow.com/questions/15106704
Violation: MissingMethodCall, pack@true
Answer Id --- http://stackoverflow.com/questions/5137250
Violation: MissingMethodCall, pack@true
Answer Id --- http://stackoverflow.com/questions/9415853
Violation: MissingMethodCall, pack@true
Answer Id --- http://stackoverflow.com/questions/11877651
Violation: MissingMethodCall, pack@true
Answer Id --- http://stackoverflow.com/questions/28180946
Violation: MissingMethodCall, pack@true
Answer Id --- http://stackoverflow.com/questions/35260098
Violation: MissingMethodCall, pack@true
Answer Id --- http://stackoverflow.com/questions/33739732
Violation: MissingMethodCall, pack@true
Answer Id --- http://stackoverflow.com/questions/12176044
Violation: MissingMethodCall, pack@true
Answer Id --- http://stackoverflow.com/questions/21970613
Violation: MissingMethodCall, pack@true
Answer Id --- http://stackoverflow.com/questions/29960784
Violation: MissingMethodCall, pack@true
Answer Id --- http://stackoverflow.com/questions/10749582
Violation: MissingMethodCall, pack@true
Answer Id --- http://stackoverflow.com/questions/35064833
Violation: MissingMethodCall, pack@true
Answer Id --- http://stackoverflow.com/questions/28116392
Violation: MissingMethodCall, pack@true
Answer Id --- http://stackoverflow.com/questions/33809134
Violation: MissingMethodCall, pack@true
Answer Id --- http://stackoverflow.com/questions/33974191
Violation: MissingMethodCall, pack@true
Answer Id --- http://stackoverflow.com/questions/11184459
Violation: MissingMethodCall, pack@true
Answer Id --- http://stackoverflow.com/questions/30202246
Violation: MissingMethodCall, pack@true
Answer Id --- http://stackoverflow.com/questions/30830528
Violation: MissingMethodCall, pack@true
Answer Id --- http://stackoverflow.com/questions/7298492
Violation: MissingMethodCall, pack@true
Answer Id --- http://stackoverflow.com/questions/23546673
Violation: MissingMethodCall, pack@true
Answer Id --- http://stackoverflow.com/questions/18645312
Violation: MissingMethodCall, pack@true
Answer Id --- http://stackoverflow.com/questions/8767162
Violation: MissingMethodCall, pack@true
Answer Id --- http://stackoverflow.com/questions/17250860
Violation: MissingMethodCall, pack@true
Answer Id --- http://stackoverflow.com/questions/32637198
Violation: MissingMethodCall, pack@true
Answer Id --- http://stackoverflow.com/questions/28755981
Violation: MissingMethodCall, pack@true
Violation: MissingMethodCall, pack@true
Answer Id --- http://stackoverflow.com/questions/28926231
Violation: MissingMethodCall, pack@true
Answer Id --- http://stackoverflow.com/questions/24804989
Violation: MissingMethodCall, pack@true
Answer Id --- http://stackoverflow.com/questions/22017685
Violation: MissingMethodCall, pack@true
Answer Id --- http://stackoverflow.com/questions/36145501
Violation: MissingMethodCall, pack@true
Answer Id --- http://stackoverflow.com/questions/4353755
Violation: MissingMethodCall, pack@true
Answer Id --- http://stackoverflow.com/questions/7291885
Violation: MissingMethodCall, pack@true
Answer Id --- http://stackoverflow.com/questions/21887411
Violation: MissingMethodCall, pack@true
Answer Id --- http://stackoverflow.com/questions/6811186
Violation: MissingMethodCall, pack@true
Answer Id --- http://stackoverflow.com/questions/16939931
Violation: MissingMethodCall, pack@true
Answer Id --- http://stackoverflow.com/questions/2707006
Violation: MissingMethodCall, pack@true
Answer Id --- http://stackoverflow.com/questions/34623250
Violation: MissingMethodCall, pack@true
Answer Id --- http://stackoverflow.com/questions/5170911
Violation: MissingMethodCall, pack@true
Answer Id --- http://stackoverflow.com/questions/11273318
Violation: MissingMethodCall, pack@true
Answer Id --- http://stackoverflow.com/questions/10639648
Violation: MissingMethodCall, pack@true
Answer Id --- http://stackoverflow.com/questions/24809516
Violation: MissingMethodCall, pack@true
Answer Id --- http://stackoverflow.com/questions/2470054
Violation: MissingMethodCall, pack@true
Answer Id --- http://stackoverflow.com/questions/34345420
Violation: MissingMethodCall, pack@true
Answer Id --- http://stackoverflow.com/questions/29147642
Violation: MissingMethodCall, pack@true
Answer Id --- http://stackoverflow.com/questions/12788595
Violation: MissingMethodCall, pack@true
Answer Id --- http://stackoverflow.com/questions/31499845
Violation: MissingMethodCall, pack@true
Answer Id --- http://stackoverflow.com/questions/10964206
Violation: MissingMethodCall, pack@true
Answer Id --- http://stackoverflow.com/questions/6395105
Violation: MissingMethodCall, pack@true
Answer Id --- http://stackoverflow.com/questions/12495108
Violation: MissingMethodCall, pack@true
Answer Id --- http://stackoverflow.com/questions/2888983
Violation: MissingMethodCall, pack@true
Answer Id --- http://stackoverflow.com/questions/36042339
Violation: MissingMethodCall, pack@true
Answer Id --- http://stackoverflow.com/questions/20162443
Violation: MissingMethodCall, pack@true
Answer Id --- http://stackoverflow.com/questions/27943432
Violation: MissingMethodCall, pack@true
Answer Id --- http://stackoverflow.com/questions/16385374
Violation: MissingMethodCall, pack@true
Answer Id --- http://stackoverflow.com/questions/7225323
Violation: MissingMethodCall, pack@true
Answer Id --- http://stackoverflow.com/questions/35834771
Violation: MissingMethodCall, pack@true
Answer Id --- http://stackoverflow.com/questions/9209605
Violation: MissingMethodCall, pack@true
Answer Id --- http://stackoverflow.com/questions/20751975
Violation: MissingMethodCall, pack@true
Answer Id --- http://stackoverflow.com/questions/24836600
Violation: MissingMethodCall, pack@true
Answer Id --- http://stackoverflow.com/questions/7227602
Violation: MissingMethodCall, pack@true
Answer Id --- http://stackoverflow.com/questions/27238156
Violation: MissingMethodCall, pack@true
Answer Id --- http://stackoverflow.com/questions/30111507
Violation: MissingMethodCall, pack@true
Answer Id --- http://stackoverflow.com/questions/30200295
Violation: MissingMethodCall, pack@true
Answer Id --- http://stackoverflow.com/questions/5854752
Violation: MissingMethodCall, pack@true
Answer Id --- http://stackoverflow.com/questions/16849423
Violation: MissingMethodCall, pack@true
Answer Id --- http://stackoverflow.com/questions/38437192
Violation: MissingMethodCall, pack@true
Answer Id --- http://stackoverflow.com/questions/8630363
Violation: MissingMethodCall, pack@true
Answer Id --- http://stackoverflow.com/questions/17178816
Violation: MissingMethodCall, pack@true
Answer Id --- http://stackoverflow.com/questions/35137008
Violation: MissingMethodCall, pack@true
Answer Id --- http://stackoverflow.com/questions/7687389
Violation: MissingMethodCall, pack@true
Answer Id --- http://stackoverflow.com/questions/28945387
Violation: MissingMethodCall, pack@true
Answer Id --- http://stackoverflow.com/questions/33755785
Violation: MissingMethodCall, pack@true
Answer Id --- http://stackoverflow.com/questions/37377997
Violation: MissingMethodCall, pack@true
Answer Id --- http://stackoverflow.com/questions/6390974
Violation: MissingMethodCall, pack@true
Answer Id --- http://stackoverflow.com/questions/13519508
Violation: MissingMethodCall, pack@true
Answer Id --- http://stackoverflow.com/questions/19730535
Violation: MissingMethodCall, pack@true
Answer Id --- http://stackoverflow.com/questions/8530044
Violation: MissingMethodCall, pack@true
Answer Id --- http://stackoverflow.com/questions/26673891
Violation: MissingMethodCall, pack@true
Answer Id --- http://stackoverflow.com/questions/13752001
Violation: MissingMethodCall, pack@true
Answer Id --- http://stackoverflow.com/questions/27102859
Violation: MissingMethodCall, pack@true
Answer Id --- http://stackoverflow.com/questions/26538494
Violation: MissingMethodCall, pack@true
Answer Id --- http://stackoverflow.com/questions/34957612
Violation: MissingMethodCall, pack@true
Answer Id --- http://stackoverflow.com/questions/22283938
Violation: MissingMethodCall, pack@true
Answer Id --- http://stackoverflow.com/questions/29239484
Violation: MissingMethodCall, pack@true
Answer Id --- http://stackoverflow.com/questions/3440826
Violation: MissingMethodCall, pack@true
Answer Id --- http://stackoverflow.com/questions/9380513
Violation: MissingMethodCall, pack@true
Answer Id --- http://stackoverflow.com/questions/9855262
Violation: MissingMethodCall, pack@true
Answer Id --- http://stackoverflow.com/questions/17085665
Violation: MissingMethodCall, pack@true
Answer Id --- http://stackoverflow.com/questions/10238761
Violation: MissingMethodCall, pack@true
Answer Id --- http://stackoverflow.com/questions/35028101
Violation: MissingMethodCall, pack@true
Answer Id --- http://stackoverflow.com/questions/5670370
Violation: MissingMethodCall, pack@true
Answer Id --- http://stackoverflow.com/questions/35027936
Violation: MissingMethodCall, pack@true
Answer Id --- http://stackoverflow.com/questions/15177999
Violation: MissingMethodCall, pack@true
Violation: MissingMethodCall, pack@true
Answer Id --- http://stackoverflow.com/questions/29400883
Violation: MissingMethodCall, pack@true
Answer Id --- http://stackoverflow.com/questions/5751044
Violation: MissingMethodCall, pack@true
Answer Id --- http://stackoverflow.com/questions/10806064
Violation: MissingMethodCall, pack@true
Answer Id --- http://stackoverflow.com/questions/8031494
Violation: MissingMethodCall, pack@true
Answer Id --- http://stackoverflow.com/questions/32957719
Violation: MissingMethodCall, pack@true
Answer Id --- http://stackoverflow.com/questions/19037828
Violation: MissingMethodCall, pack@true
Answer Id --- http://stackoverflow.com/questions/30357644
Violation: MissingMethodCall, pack@true
Answer Id --- http://stackoverflow.com/questions/18431463
Violation: MissingMethodCall, pack@true
Answer Id --- http://stackoverflow.com/questions/3280359
Violation: MissingMethodCall, pack@true
Answer Id --- http://stackoverflow.com/questions/32811252
Violation: MissingMethodCall, pack@true
Answer Id --- http://stackoverflow.com/questions/5655843
Violation: MissingMethodCall, pack@true
Answer Id --- http://stackoverflow.com/questions/3538279
Violation: MissingMethodCall, pack@true
Answer Id --- http://stackoverflow.com/questions/2412059
Violation: MissingMethodCall, pack@true
Answer Id --- http://stackoverflow.com/questions/16861069
Violation: MissingMethodCall, pack@true
Answer Id --- http://stackoverflow.com/questions/22674272
Violation: MissingMethodCall, pack@true
Answer Id --- http://stackoverflow.com/questions/9260231
Violation: MissingMethodCall, pack@true
Answer Id --- http://stackoverflow.com/questions/8350936
Violation: MissingMethodCall, pack@true
Answer Id --- http://stackoverflow.com/questions/10544972
Violation: MissingMethodCall, pack@true
Answer Id --- http://stackoverflow.com/questions/539629
Violation: MissingMethodCall, pack@true
Answer Id --- http://stackoverflow.com/questions/12604600
Violation: MissingMethodCall, pack@true
Answer Id --- http://stackoverflow.com/questions/13137270
Violation: MissingMethodCall, pack@true
Answer Id --- http://stackoverflow.com/questions/25318596
Violation: MissingMethodCall, pack@true
Answer Id --- http://stackoverflow.com/questions/17537199
Violation: MissingMethodCall, pack@true
Answer Id --- http://stackoverflow.com/questions/39191628
Violation: MissingMethodCall, pack@true
Violation: MissingMethodCall, pack@true
Answer Id --- http://stackoverflow.com/questions/5987873
Violation: MissingMethodCall, pack@true
Answer Id --- http://stackoverflow.com/questions/19080145
Violation: MissingMethodCall, pack@true
Answer Id --- http://stackoverflow.com/questions/21436635
Violation: MissingMethodCall, pack@true
Answer Id --- http://stackoverflow.com/questions/9660290
Violation: MissingMethodCall, pack@true
Answer Id --- http://stackoverflow.com/questions/9726882
Violation: MissingMethodCall, pack@true
Answer Id --- http://stackoverflow.com/questions/27894772
Violation: MissingMethodCall, pack@true
Answer Id --- http://stackoverflow.com/questions/8613149
Violation: MissingMethodCall, pack@true
Answer Id --- http://stackoverflow.com/questions/29094750
Violation: MissingMethodCall, pack@true
Answer Id --- http://stackoverflow.com/questions/24598033
Violation: MissingMethodCall, pack@true
Answer Id --- http://stackoverflow.com/questions/23499330
Violation: MissingMethodCall, pack@true
Answer Id --- http://stackoverflow.com/questions/26310769
Violation: MissingMethodCall, pack@true
Answer Id --- http://stackoverflow.com/questions/30414727
Violation: MissingMethodCall, pack@true
Answer Id --- http://stackoverflow.com/questions/21718456
Violation: MissingMethodCall, pack@true
Answer Id --- http://stackoverflow.com/questions/8946107
Violation: MissingMethodCall, pack@true
Answer Id --- http://stackoverflow.com/questions/8101422
Violation: MissingMethodCall, pack@true
Answer Id --- http://stackoverflow.com/questions/6718506
Violation: MissingMethodCall, pack@true
Answer Id --- http://stackoverflow.com/questions/32194742
Violation: MissingMethodCall, pack@true
Answer Id --- http://stackoverflow.com/questions/20204708
Violation: MissingMethodCall, pack@true
Answer Id --- http://stackoverflow.com/questions/3845270
Violation: MissingMethodCall, pack@true
Answer Id --- http://stackoverflow.com/questions/2537024
Violation: MissingMethodCall, pack@true
Answer Id --- http://stackoverflow.com/questions/2259979
Violation: MissingMethodCall, pack@true
Answer Id --- http://stackoverflow.com/questions/37599959
Violation: MissingMethodCall, pack@true
Answer Id --- http://stackoverflow.com/questions/15024875
Violation: MissingMethodCall, pack@true
Answer Id --- http://stackoverflow.com/questions/6299341
Violation: MissingMethodCall, pack@true
Answer Id --- http://stackoverflow.com/questions/33634695
Violation: MissingMethodCall, pack@true
Answer Id --- http://stackoverflow.com/questions/3256941
Violation: MissingMethodCall, pack@true
Answer Id --- http://stackoverflow.com/questions/30659434
Violation: MissingMethodCall, pack@true
Answer Id --- http://stackoverflow.com/questions/12520104
Violation: MissingMethodCall, pack@true
Answer Id --- http://stackoverflow.com/questions/20611760
Violation: MissingMethodCall, pack@true
Answer Id --- http://stackoverflow.com/questions/13242541
Violation: MissingMethodCall, pack@true
Answer Id --- http://stackoverflow.com/questions/26464862
Violation: MissingMethodCall, pack@true
Answer Id --- http://stackoverflow.com/questions/5557438
Violation: MissingMethodCall, pack@true
Answer Id --- http://stackoverflow.com/questions/6047101
Violation: MissingMethodCall, pack@true
Answer Id --- http://stackoverflow.com/questions/27929062
Violation: MissingMethodCall, pack@true
Answer Id --- http://stackoverflow.com/questions/17128899
Violation: MissingMethodCall, pack@true
Answer Id --- http://stackoverflow.com/questions/23806732
Violation: MissingMethodCall, pack@true
Answer Id --- http://stackoverflow.com/questions/13001507
Violation: MissingMethodCall, pack@true
Answer Id --- http://stackoverflow.com/questions/27512597
Violation: MissingMethodCall, pack@true
Answer Id --- http://stackoverflow.com/questions/4901725
Violation: MissingMethodCall, pack@true
Answer Id --- http://stackoverflow.com/questions/7293126
Violation: MissingMethodCall, pack@true
Answer Id --- http://stackoverflow.com/questions/3049312
Violation: MissingMethodCall, pack@true
Answer Id --- http://stackoverflow.com/questions/13356475
Violation: MissingMethodCall, pack@true
Answer Id --- http://stackoverflow.com/questions/8128729
Violation: MissingMethodCall, pack@true
Answer Id --- http://stackoverflow.com/questions/22016608
Violation: MissingMethodCall, pack@true
Answer Id --- http://stackoverflow.com/questions/12267748
Violation: MissingMethodCall, pack@true
Answer Id --- http://stackoverflow.com/questions/27925659
Violation: MissingMethodCall, pack@true
Answer Id --- http://stackoverflow.com/questions/29000677
Violation: MissingMethodCall, pack@true
Answer Id --- http://stackoverflow.com/questions/15321196
Violation: MissingMethodCall, pack@true
Answer Id --- http://stackoverflow.com/questions/4430957
Violation: MissingMethodCall, pack@true
Answer Id --- http://stackoverflow.com/questions/29689059
Violation: MissingMethodCall, pack@true
Answer Id --- http://stackoverflow.com/questions/19843317
Violation: MissingMethodCall, pack@true
Answer Id --- http://stackoverflow.com/questions/35407343
Violation: MissingMethodCall, pack@true
Answer Id --- http://stackoverflow.com/questions/4775255
Violation: MissingMethodCall, pack@true
Answer Id --- http://stackoverflow.com/questions/21432607
Violation: MissingMethodCall, pack@true
Answer Id --- http://stackoverflow.com/questions/6719793
Violation: MissingMethodCall, pack@true
Answer Id --- http://stackoverflow.com/questions/30985382
Violation: MissingMethodCall, pack@true
Answer Id --- http://stackoverflow.com/questions/8420566
Violation: MissingMethodCall, pack@true
Answer Id --- http://stackoverflow.com/questions/28349124
Violation: MissingMethodCall, pack@true
Answer Id --- http://stackoverflow.com/questions/6432291
Violation: MissingMethodCall, pack@true
Answer Id --- http://stackoverflow.com/questions/16873592
Violation: MissingMethodCall, pack@true
Answer Id --- http://stackoverflow.com/questions/29012298
Violation: MissingMethodCall, pack@true
Answer Id --- http://stackoverflow.com/questions/13216188
Violation: MissingMethodCall, pack@true
Answer Id --- http://stackoverflow.com/questions/37337165
Violation: MissingMethodCall, pack@true
Answer Id --- http://stackoverflow.com/questions/19400359
Violation: MissingMethodCall, pack@true
Answer Id --- http://stackoverflow.com/questions/30200222
Violation: MissingMethodCall, pack@true
Answer Id --- http://stackoverflow.com/questions/22357889
Violation: MissingMethodCall, pack@true
Answer Id --- http://stackoverflow.com/questions/12258296
Violation: MissingMethodCall, pack@true
Answer Id --- http://stackoverflow.com/questions/33647876
Violation: MissingMethodCall, pack@true
Answer Id --- http://stackoverflow.com/questions/14410711
Violation: MissingMethodCall, pack@true
Answer Id --- http://stackoverflow.com/questions/3803453
Violation: MissingMethodCall, pack@true
Answer Id --- http://stackoverflow.com/questions/7223962
Violation: MissingMethodCall, pack@true
Answer Id --- http://stackoverflow.com/questions/20259979
Violation: MissingMethodCall, pack@true
Answer Id --- http://stackoverflow.com/questions/24588493
Violation: MissingMethodCall, pack@true
Answer Id --- http://stackoverflow.com/questions/9852098
Violation: MissingMethodCall, pack@true
Answer Id --- http://stackoverflow.com/questions/25461417
Violation: MissingMethodCall, pack@true
Answer Id --- http://stackoverflow.com/questions/27409896
Violation: MissingMethodCall, pack@true
Answer Id --- http://stackoverflow.com/questions/9145289
Violation: MissingMethodCall, pack@true
Answer Id --- http://stackoverflow.com/questions/9333929
Violation: MissingMethodCall, pack@true
Answer Id --- http://stackoverflow.com/questions/3851979
Violation: MissingMethodCall, pack@true
Answer Id --- http://stackoverflow.com/questions/14887457
Violation: MissingMethodCall, pack@true
Answer Id --- http://stackoverflow.com/questions/10182221
Violation: MissingMethodCall, pack@true
Answer Id --- http://stackoverflow.com/questions/28884206
Violation: MissingMethodCall, pack@true
Answer Id --- http://stackoverflow.com/questions/23803988
Violation: MissingMethodCall, pack@true
Answer Id --- http://stackoverflow.com/questions/6678312
Violation: MissingMethodCall, pack@true
Answer Id --- http://stackoverflow.com/questions/13629377
Violation: MissingMethodCall, pack@true
Answer Id --- http://stackoverflow.com/questions/1069520
Violation: MissingMethodCall, pack@true
Answer Id --- http://stackoverflow.com/questions/11275341
Violation: MissingMethodCall, pack@true
Answer Id --- http://stackoverflow.com/questions/29496279
Violation: MissingMethodCall, pack@true
Answer Id --- http://stackoverflow.com/questions/12664623
Violation: MissingMethodCall, pack@true
Answer Id --- http://stackoverflow.com/questions/2536423
Violation: MissingMethodCall, pack@true
Answer Id --- http://stackoverflow.com/questions/24028405
Violation: MissingMethodCall, pack@true
Answer Id --- http://stackoverflow.com/questions/5419632
Violation: MissingMethodCall, pack@true
Answer Id --- http://stackoverflow.com/questions/15053149
Violation: MissingMethodCall, pack@true
Answer Id --- http://stackoverflow.com/questions/8911159
Violation: MissingMethodCall, pack@true
Answer Id --- http://stackoverflow.com/questions/20687074
Violation: MissingMethodCall, pack@true
Answer Id --- http://stackoverflow.com/questions/2168680
Violation: MissingMethodCall, pack@true
Answer Id --- http://stackoverflow.com/questions/22897299
Violation: MissingMethodCall, pack@true
Answer Id --- http://stackoverflow.com/questions/34518993
Violation: MissingMethodCall, pack@true
Answer Id --- http://stackoverflow.com/questions/6802870
Violation: MissingMethodCall, pack@true
Answer Id --- http://stackoverflow.com/questions/26394635
Violation: MissingMethodCall, pack@true
Violation: MissingMethodCall, pack@true
Violation: MissingMethodCall, pack@true
Answer Id --- http://stackoverflow.com/questions/5617957
Violation: MissingMethodCall, pack@true
Answer Id --- http://stackoverflow.com/questions/29959915
Violation: MissingMethodCall, pack@true
Answer Id --- http://stackoverflow.com/questions/2166500
Violation: MissingMethodCall, pack@true
Answer Id --- http://stackoverflow.com/questions/7074293
Violation: MissingMethodCall, pack@true
Answer Id --- http://stackoverflow.com/questions/34844420
Violation: MissingMethodCall, pack@true
Answer Id --- http://stackoverflow.com/questions/19701475
Violation: MissingMethodCall, pack@true
Answer Id --- http://stackoverflow.com/questions/4660267
Violation: MissingMethodCall, pack@true
Answer Id --- http://stackoverflow.com/questions/7802083
Violation: MissingMethodCall, pack@true
Answer Id --- http://stackoverflow.com/questions/7906066
Violation: MissingMethodCall, pack@true
Answer Id --- http://stackoverflow.com/questions/3420651
Violation: MissingMethodCall, pack@true
Answer Id --- http://stackoverflow.com/questions/5081819
Violation: MissingMethodCall, pack@true
Answer Id --- http://stackoverflow.com/questions/25313271
Violation: MissingMethodCall, pack@true
Answer Id --- http://stackoverflow.com/questions/6076340
Violation: MissingMethodCall, pack@true
Answer Id --- http://stackoverflow.com/questions/15325163
Violation: MissingMethodCall, pack@true
Answer Id --- http://stackoverflow.com/questions/11330436
Violation: MissingMethodCall, pack@true
Answer Id --- http://stackoverflow.com/questions/20056103
Violation: MissingMethodCall, pack@true
Answer Id --- http://stackoverflow.com/questions/18270802
Violation: MissingMethodCall, pack@true
Answer Id --- http://stackoverflow.com/questions/31880779
Violation: MissingMethodCall, pack@true
Answer Id --- http://stackoverflow.com/questions/30132871
Violation: MissingMethodCall, pack@true
Answer Id --- http://stackoverflow.com/questions/6389677
Violation: MissingMethodCall, pack@true
Answer Id --- http://stackoverflow.com/questions/538335
Violation: MissingMethodCall, pack@true
Answer Id --- http://stackoverflow.com/questions/10065252
Violation: MissingMethodCall, pack@true
Answer Id --- http://stackoverflow.com/questions/34774854
Violation: MissingMethodCall, pack@true
Answer Id --- http://stackoverflow.com/questions/24204397
Violation: MissingMethodCall, pack@true
Answer Id --- http://stackoverflow.com/questions/17411383
Violation: MissingMethodCall, pack@true
Answer Id --- http://stackoverflow.com/questions/22723121
Violation: MissingMethodCall, pack@true
Answer Id --- http://stackoverflow.com/questions/23122607
Violation: MissingMethodCall, pack@true
Answer Id --- http://stackoverflow.com/questions/21182354
Violation: MissingMethodCall, pack@true
Answer Id --- http://stackoverflow.com/questions/2562685
Violation: MissingMethodCall, pack@true
Answer Id --- http://stackoverflow.com/questions/9863033
Violation: MissingMethodCall, pack@true
Answer Id --- http://stackoverflow.com/questions/27872110
Violation: MissingMethodCall, pack@true
Answer Id --- http://stackoverflow.com/questions/18539087
Violation: MissingMethodCall, pack@true
Answer Id --- http://stackoverflow.com/questions/24864635
Violation: MissingMethodCall, pack@true
Answer Id --- http://stackoverflow.com/questions/14980180
Violation: MissingMethodCall, pack@true
Answer Id --- http://stackoverflow.com/questions/13209949
Violation: MissingMethodCall, pack@true
Answer Id --- http://stackoverflow.com/questions/15079240
Violation: MissingMethodCall, pack@true
Answer Id --- http://stackoverflow.com/questions/21557361
Violation: MissingMethodCall, pack@true
Answer Id --- http://stackoverflow.com/questions/6262069
Violation: MissingMethodCall, pack@true
Answer Id --- http://stackoverflow.com/questions/1764229
Violation: MissingMethodCall, pack@true
Answer Id --- http://stackoverflow.com/questions/12681689
Violation: MissingMethodCall, pack@true
Answer Id --- http://stackoverflow.com/questions/34265362
Violation: MissingMethodCall, pack@true
Answer Id --- http://stackoverflow.com/questions/24294654
Violation: MissingMethodCall, pack@true
Answer Id --- http://stackoverflow.com/questions/34309560
Violation: MissingMethodCall, pack@true
Answer Id --- http://stackoverflow.com/questions/9498850
Violation: MissingMethodCall, pack@true
Answer Id --- http://stackoverflow.com/questions/3743883
Violation: MissingMethodCall, pack@true
Answer Id --- http://stackoverflow.com/questions/4756073
Violation: MissingMethodCall, pack@true
Answer Id --- http://stackoverflow.com/questions/37911089
Violation: MissingMethodCall, pack@true
Answer Id --- http://stackoverflow.com/questions/9328896
Violation: MissingMethodCall, pack@true
Answer Id --- http://stackoverflow.com/questions/11657013
Violation: MissingMethodCall, pack@true
Answer Id --- http://stackoverflow.com/questions/6811800
Violation: MissingMethodCall, pack@true
Answer Id --- http://stackoverflow.com/questions/32467652
Violation: MissingMethodCall, pack@true
Answer Id --- http://stackoverflow.com/questions/36381836
Violation: MissingMethodCall, pack@true
Answer Id --- http://stackoverflow.com/questions/2234020
Violation: MissingMethodCall, pack@true
Answer Id --- http://stackoverflow.com/questions/14112372
Violation: MissingMethodCall, pack@true
Answer Id --- http://stackoverflow.com/questions/25840520
Violation: MissingMethodCall, pack@true
Answer Id --- http://stackoverflow.com/questions/29923735
Violation: MissingMethodCall, pack@true
Answer Id --- http://stackoverflow.com/questions/5944359
Violation: MissingMethodCall, pack@true
Answer Id --- http://stackoverflow.com/questions/6333584
Violation: MissingMethodCall, pack@true
Answer Id --- http://stackoverflow.com/questions/29598030
Violation: MissingMethodCall, pack@true
Answer Id --- http://stackoverflow.com/questions/23811086
Violation: MissingMethodCall, pack@true
Answer Id --- http://stackoverflow.com/questions/5589160
Violation: MissingMethodCall, pack@true
Answer Id --- http://stackoverflow.com/questions/4130167
Violation: MissingMethodCall, pack@true
Answer Id --- http://stackoverflow.com/questions/17164894
Violation: MissingMethodCall, pack@true
Answer Id --- http://stackoverflow.com/questions/32447006
Violation: MissingMethodCall, pack@true
Answer Id --- http://stackoverflow.com/questions/39119561
Violation: MissingMethodCall, pack@true
Answer Id --- http://stackoverflow.com/questions/13866971
Violation: MissingMethodCall, pack@true
Answer Id --- http://stackoverflow.com/questions/12800309
Violation: MissingMethodCall, pack@true
Answer Id --- http://stackoverflow.com/questions/7444974
Violation: MissingMethodCall, pack@true
Answer Id --- http://stackoverflow.com/questions/2627045
Violation: MissingMethodCall, pack@true
Answer Id --- http://stackoverflow.com/questions/10746564
Violation: MissingMethodCall, pack@true
Answer Id --- http://stackoverflow.com/questions/35854401
Violation: MissingMethodCall, pack@true
Answer Id --- http://stackoverflow.com/questions/5079628
Violation: MissingMethodCall, pack@true
Answer Id --- http://stackoverflow.com/questions/28756455
Violation: MissingMethodCall, pack@true
Answer Id --- http://stackoverflow.com/questions/26024846
Violation: MissingMethodCall, pack@true
Violation: MissingMethodCall, pack@true
Answer Id --- http://stackoverflow.com/questions/21873978
Violation: MissingMethodCall, pack@true
Answer Id --- http://stackoverflow.com/questions/32929515
Violation: MissingMethodCall, pack@true
Answer Id --- http://stackoverflow.com/questions/3093172
Violation: MissingMethodCall, pack@true
Answer Id --- http://stackoverflow.com/questions/10723340
Violation: MissingMethodCall, pack@true
Answer Id --- http://stackoverflow.com/questions/6563132
Violation: MissingMethodCall, pack@true
Answer Id --- http://stackoverflow.com/questions/9259695
Violation: MissingMethodCall, pack@true
Answer Id --- http://stackoverflow.com/questions/13452341
Violation: MissingMethodCall, pack@true
Answer Id --- http://stackoverflow.com/questions/4287269
Violation: MissingMethodCall, pack@true
Answer Id --- http://stackoverflow.com/questions/3035893
Violation: MissingMethodCall, pack@true
Answer Id --- http://stackoverflow.com/questions/20829812
Violation: MissingMethodCall, pack@true
Answer Id --- http://stackoverflow.com/questions/21552899
Violation: MissingMethodCall, pack@true
Answer Id --- http://stackoverflow.com/questions/33100266
Violation: MissingMethodCall, pack@true
Answer Id --- http://stackoverflow.com/questions/30539661
Violation: MissingMethodCall, pack@true
Answer Id --- http://stackoverflow.com/questions/7925139
Violation: MissingMethodCall, pack@true
Answer Id --- http://stackoverflow.com/questions/11273731
Violation: MissingMethodCall, pack@true
Answer Id --- http://stackoverflow.com/questions/9553621
Violation: MissingMethodCall, pack@true
Answer Id --- http://stackoverflow.com/questions/1241748
Violation: MissingMethodCall, pack@true
Answer Id --- http://stackoverflow.com/questions/31179013
Violation: MissingMethodCall, pack@true
Answer Id --- http://stackoverflow.com/questions/21439204
Violation: MissingMethodCall, pack@true
Answer Id --- http://stackoverflow.com/questions/28701359
Violation: MissingMethodCall, pack@true
Answer Id --- http://stackoverflow.com/questions/8439260
Violation: MissingMethodCall, pack@true
Answer Id --- http://stackoverflow.com/questions/16553692
Violation: MissingMethodCall, pack@true
Answer Id --- http://stackoverflow.com/questions/18477057
Violation: MissingMethodCall, pack@true
Answer Id --- http://stackoverflow.com/questions/36970678
Violation: MissingMethodCall, pack@true
Answer Id --- http://stackoverflow.com/questions/37910233
Violation: MissingMethodCall, pack@true
Answer Id --- http://stackoverflow.com/questions/34046682
Violation: MissingMethodCall, pack@true
Answer Id --- http://stackoverflow.com/questions/7139057
Violation: MissingMethodCall, pack@true
Answer Id --- http://stackoverflow.com/questions/10466610
Violation: MissingMethodCall, pack@true
Answer Id --- http://stackoverflow.com/questions/11782008
Violation: MissingMethodCall, pack@true
Answer Id --- http://stackoverflow.com/questions/27632287
Violation: MissingMethodCall, pack@true
Violation: MissingMethodCall, pack@true
Answer Id --- http://stackoverflow.com/questions/29082225
Violation: MissingMethodCall, pack@true
Answer Id --- http://stackoverflow.com/questions/14344826
Violation: MissingMethodCall, pack@true
Answer Id --- http://stackoverflow.com/questions/11536905
Violation: MissingMethodCall, pack@true
Answer Id --- http://stackoverflow.com/questions/15044290
Violation: MissingMethodCall, pack@true
Answer Id --- http://stackoverflow.com/questions/17164863
Violation: MissingMethodCall, pack@true
Answer Id --- http://stackoverflow.com/questions/9914533
Violation: MissingMethodCall, pack@true
Answer Id --- http://stackoverflow.com/questions/16362134
Violation: MissingMethodCall, pack@true
Answer Id --- http://stackoverflow.com/questions/7629529
Violation: MissingMethodCall, pack@true
Answer Id --- http://stackoverflow.com/questions/26683979
Violation: MissingMethodCall, pack@true
Answer Id --- http://stackoverflow.com/questions/6968142
Violation: MissingMethodCall, pack@true
Answer Id --- http://stackoverflow.com/questions/19567238
Violation: MissingMethodCall, pack@true
Answer Id --- http://stackoverflow.com/questions/4894516
Violation: MissingMethodCall, pack@true
Answer Id --- http://stackoverflow.com/questions/10847185
Violation: MissingMethodCall, pack@true
Answer Id --- http://stackoverflow.com/questions/10006659
Violation: MissingMethodCall, pack@true
Answer Id --- http://stackoverflow.com/questions/4915194
Violation: MissingMethodCall, pack@true
Answer Id --- http://stackoverflow.com/questions/7382410
Violation: MissingMethodCall, pack@true
Answer Id --- http://stackoverflow.com/questions/9957184
Violation: MissingMethodCall, pack@true
Answer Id --- http://stackoverflow.com/questions/4893658
Violation: MissingMethodCall, pack@true
Answer Id --- http://stackoverflow.com/questions/28519474
Violation: MissingMethodCall, pack@true
Answer Id --- http://stackoverflow.com/questions/10601777
Violation: MissingMethodCall, pack@true
Answer Id --- http://stackoverflow.com/questions/6915717
Violation: MissingMethodCall, pack@true
Answer Id --- http://stackoverflow.com/questions/25100030
Violation: MissingMethodCall, pack@true
Answer Id --- http://stackoverflow.com/questions/16000652
Violation: MissingMethodCall, pack@true
Answer Id --- http://stackoverflow.com/questions/29051070
Violation: MissingMethodCall, pack@true
Answer Id --- http://stackoverflow.com/questions/3973993
Violation: MissingMethodCall, pack@true
Answer Id --- http://stackoverflow.com/questions/26861494
Violation: MissingMethodCall, pack@true
Answer Id --- http://stackoverflow.com/questions/12800669
Violation: MissingMethodCall, pack@true
Answer Id --- http://stackoverflow.com/questions/34210796
Violation: MissingMethodCall, pack@true
Answer Id --- http://stackoverflow.com/questions/4702819
Violation: MissingMethodCall, pack@true
Answer Id --- http://stackoverflow.com/questions/26331252
Violation: MissingMethodCall, pack@true
Answer Id --- http://stackoverflow.com/questions/8261745
Violation: MissingMethodCall, pack@true
Answer Id --- http://stackoverflow.com/questions/26151099
Violation: MissingMethodCall, pack@true
Answer Id --- http://stackoverflow.com/questions/21807060
Violation: MissingMethodCall, pack@true
Answer Id --- http://stackoverflow.com/questions/23534078
Violation: MissingMethodCall, pack@true
Violation: MissingMethodCall, pack@true
Answer Id --- http://stackoverflow.com/questions/6222466
Violation: MissingMethodCall, pack@true
Answer Id --- http://stackoverflow.com/questions/10552962
Violation: MissingMethodCall, pack@true
Answer Id --- http://stackoverflow.com/questions/26443364
Violation: MissingMethodCall, pack@true
Answer Id --- http://stackoverflow.com/questions/5071109
Violation: MissingMethodCall, pack@true
Answer Id --- http://stackoverflow.com/questions/36399911
Violation: MissingMethodCall, pack@true
Answer Id --- http://stackoverflow.com/questions/23529255
Violation: MissingMethodCall, pack@true
Answer Id --- http://stackoverflow.com/questions/31091280
Violation: MissingMethodCall, pack@true
Answer Id --- http://stackoverflow.com/questions/20252801
Violation: MissingMethodCall, pack@true
Answer Id --- http://stackoverflow.com/questions/7940227
Violation: MissingMethodCall, pack@true
Answer Id --- http://stackoverflow.com/questions/22782452
Violation: MissingMethodCall, pack@true
Answer Id --- http://stackoverflow.com/questions/13718130
Violation: MissingMethodCall, pack@true
Answer Id --- http://stackoverflow.com/questions/22291914
Violation: MissingMethodCall, pack@true
Answer Id --- http://stackoverflow.com/questions/9078010
Violation: MissingMethodCall, pack@true
Answer Id --- http://stackoverflow.com/questions/28412851
Violation: MissingMethodCall, pack@true
Answer Id --- http://stackoverflow.com/questions/29085522
Violation: MissingMethodCall, pack@true
Answer Id --- http://stackoverflow.com/questions/2960381
Violation: MissingMethodCall, pack@true
Answer Id --- http://stackoverflow.com/questions/4151403
Violation: MissingMethodCall, pack@true
Answer Id --- http://stackoverflow.com/questions/22776638
Violation: MissingMethodCall, pack@true
Answer Id --- http://stackoverflow.com/questions/31917883
Violation: MissingMethodCall, pack@true
Answer Id --- http://stackoverflow.com/questions/11878756
Violation: MissingMethodCall, pack@true
Answer Id --- http://stackoverflow.com/questions/17771010
Violation: MissingMethodCall, pack@true
Answer Id --- http://stackoverflow.com/questions/10405206
Violation: MissingMethodCall, pack@true
Answer Id --- http://stackoverflow.com/questions/29976656
Violation: MissingMethodCall, pack@true
Answer Id --- http://stackoverflow.com/questions/26792589
Violation: MissingMethodCall, pack@true
Answer Id --- http://stackoverflow.com/questions/6823589
Violation: MissingMethodCall, pack@true
Answer Id --- http://stackoverflow.com/questions/28829133
Violation: MissingMethodCall, pack@true
Answer Id --- http://stackoverflow.com/questions/19881669
Violation: MissingMethodCall, pack@true
Answer Id --- http://stackoverflow.com/questions/28155595
Violation: MissingMethodCall, pack@true
Answer Id --- http://stackoverflow.com/questions/37592986
Violation: MissingMethodCall, pack@true
Answer Id --- http://stackoverflow.com/questions/10262991
Violation: MissingMethodCall, pack@true
Answer Id --- http://stackoverflow.com/questions/9041873
Violation: MissingMethodCall, pack@true
Answer Id --- http://stackoverflow.com/questions/25097319
Violation: MissingMethodCall, pack@true
Answer Id --- http://stackoverflow.com/questions/11379742
Violation: MissingMethodCall, pack@true
Answer Id --- http://stackoverflow.com/questions/23294362
Violation: MissingMethodCall, pack@true
Answer Id --- http://stackoverflow.com/questions/5663782
Violation: MissingMethodCall, pack@true
Answer Id --- http://stackoverflow.com/questions/22504904
Violation: MissingMethodCall, pack@true
Answer Id --- http://stackoverflow.com/questions/21739906
Violation: MissingMethodCall, pack@true
Answer Id --- http://stackoverflow.com/questions/9607324
Violation: MissingMethodCall, pack@true
Answer Id --- http://stackoverflow.com/questions/36749849
Violation: MissingMethodCall, pack@true
Answer Id --- http://stackoverflow.com/questions/16752013
Violation: MissingMethodCall, pack@true
Answer Id --- http://stackoverflow.com/questions/9476089
Violation: MissingMethodCall, pack@true
Answer Id --- http://stackoverflow.com/questions/13089253
Violation: MissingMethodCall, pack@true
Answer Id --- http://stackoverflow.com/questions/2256556
Violation: MissingMethodCall, pack@true
Answer Id --- http://stackoverflow.com/questions/10587905
Violation: MissingMethodCall, pack@true
Answer Id --- http://stackoverflow.com/questions/13089386
Violation: MissingMethodCall, pack@true
Answer Id --- http://stackoverflow.com/questions/34771132
Violation: MissingMethodCall, pack@true
Answer Id --- http://stackoverflow.com/questions/12738471
Violation: MissingMethodCall, pack@true
Answer Id --- http://stackoverflow.com/questions/27208873
Violation: MissingMethodCall, pack@true
Answer Id --- http://stackoverflow.com/questions/18077131
Violation: MissingMethodCall, pack@true
Answer Id --- http://stackoverflow.com/questions/14784953
Violation: MissingMethodCall, pack@true
Answer Id --- http://stackoverflow.com/questions/4687759
Violation: MissingMethodCall, pack@true
Answer Id --- http://stackoverflow.com/questions/31700729
Violation: MissingMethodCall, pack@true
Answer Id --- http://stackoverflow.com/questions/16284976
Violation: MissingMethodCall, pack@true
Answer Id --- http://stackoverflow.com/questions/2148426
Violation: MissingMethodCall, pack@true
Answer Id --- http://stackoverflow.com/questions/7373290
Violation: MissingMethodCall, pack@true
Answer Id --- http://stackoverflow.com/questions/24728272
Violation: MissingMethodCall, pack@true
Answer Id --- http://stackoverflow.com/questions/36506867
Violation: MissingMethodCall, pack@true
Answer Id --- http://stackoverflow.com/questions/28816844
Violation: MissingMethodCall, pack@true
Answer Id --- http://stackoverflow.com/questions/21851519
Violation: MissingMethodCall, pack@true
Answer Id --- http://stackoverflow.com/questions/9131950
Violation: MissingMethodCall, pack@true
Answer Id --- http://stackoverflow.com/questions/25784759
Violation: MissingMethodCall, pack@true
Answer Id --- http://stackoverflow.com/questions/9079032
Violation: MissingMethodCall, pack@true
Answer Id --- http://stackoverflow.com/questions/5122506
Violation: MissingMethodCall, pack@true
Answer Id --- http://stackoverflow.com/questions/22783280
Violation: MissingMethodCall, pack@true
Answer Id --- http://stackoverflow.com/questions/4475132
Violation: MissingMethodCall, pack@true
Answer Id --- http://stackoverflow.com/questions/3646994
Violation: MissingMethodCall, pack@true
Answer Id --- http://stackoverflow.com/questions/19781155
Violation: MissingMethodCall, pack@true
Answer Id --- http://stackoverflow.com/questions/3264717
Violation: MissingMethodCall, pack@true
Answer Id --- http://stackoverflow.com/questions/2510932
Violation: MissingMethodCall, pack@true
Answer Id --- http://stackoverflow.com/questions/4282475
Violation: MissingMethodCall, pack@true
Answer Id --- http://stackoverflow.com/questions/7299067
Violation: MissingMethodCall, pack@true
Answer Id --- http://stackoverflow.com/questions/13201362
Violation: MissingMethodCall, pack@true
Answer Id --- http://stackoverflow.com/questions/33011133
Violation: MissingMethodCall, pack@true
Answer Id --- http://stackoverflow.com/questions/5842383
Violation: MissingMethodCall, pack@true
Answer Id --- http://stackoverflow.com/questions/32796030
Violation: MissingMethodCall, pack@true
Answer Id --- http://stackoverflow.com/questions/7201524
Violation: MissingMethodCall, pack@true
Answer Id --- http://stackoverflow.com/questions/5950182
Violation: MissingMethodCall, pack@true
Answer Id --- http://stackoverflow.com/questions/21882808
Violation: MissingMethodCall, pack@true
Answer Id --- http://stackoverflow.com/questions/23995121
Violation: MissingMethodCall, pack@true
Answer Id --- http://stackoverflow.com/questions/3448776
Violation: MissingMethodCall, pack@true
Answer Id --- http://stackoverflow.com/questions/20835306
Violation: MissingMethodCall, pack@true
Answer Id --- http://stackoverflow.com/questions/12316190
Violation: MissingMethodCall, pack@true
Answer Id --- http://stackoverflow.com/questions/5777883
Violation: MissingMethodCall, pack@true
Answer Id --- http://stackoverflow.com/questions/7885836
Violation: MissingMethodCall, pack@true
Answer Id --- http://stackoverflow.com/questions/5071923
Violation: MissingMethodCall, pack@true
Answer Id --- http://stackoverflow.com/questions/9440969
Violation: MissingMethodCall, pack@true
Answer Id --- http://stackoverflow.com/questions/6887354
Violation: MissingMethodCall, pack@true
Answer Id --- http://stackoverflow.com/questions/10731294
Violation: MissingMethodCall, pack@true
Answer Id --- http://stackoverflow.com/questions/19517761
Violation: MissingMethodCall, pack@true
Answer Id --- http://stackoverflow.com/questions/2466283
Violation: MissingMethodCall, pack@true
Answer Id --- http://stackoverflow.com/questions/11457223
Violation: MissingMethodCall, pack@true
Answer Id --- http://stackoverflow.com/questions/2901472
Violation: MissingMethodCall, pack@true
Answer Id --- http://stackoverflow.com/questions/5846030
Violation: MissingMethodCall, pack@true
Answer Id --- http://stackoverflow.com/questions/21740239
Violation: MissingMethodCall, pack@true
Answer Id --- http://stackoverflow.com/questions/35841825
Violation: MissingMethodCall, pack@true
Answer Id --- http://stackoverflow.com/questions/2143965
Violation: MissingMethodCall, pack@true
Answer Id --- http://stackoverflow.com/questions/19927699
Violation: MissingMethodCall, pack@true
Answer Id --- http://stackoverflow.com/questions/29613134
Violation: MissingMethodCall, pack@true
Answer Id --- http://stackoverflow.com/questions/26799488
Violation: MissingMethodCall, pack@true
Answer Id --- http://stackoverflow.com/questions/7516611
Violation: DisorderMethodCall, pack@true
Answer Id --- http://stackoverflow.com/questions/30358124
Violation: MissingMethodCall, pack@true
Answer Id --- http://stackoverflow.com/questions/31095694
Violation: MissingMethodCall, pack@true
Answer Id --- http://stackoverflow.com/questions/26753306
Violation: MissingMethodCall, pack@true
Answer Id --- http://stackoverflow.com/questions/17395075
Violation: MissingMethodCall, pack@true
Answer Id --- http://stackoverflow.com/questions/11103459
Violation: MissingMethodCall, pack@true
Answer Id --- http://stackoverflow.com/questions/19720879
Violation: MissingMethodCall, pack@true
Answer Id --- http://stackoverflow.com/questions/12482891
Violation: MissingMethodCall, pack@true
Answer Id --- http://stackoverflow.com/questions/19632056
Violation: MissingMethodCall, pack@true
Answer Id --- http://stackoverflow.com/questions/27440966
Violation: MissingMethodCall, pack@true
Answer Id --- http://stackoverflow.com/questions/16503058
Violation: MissingMethodCall, pack@true
Answer Id --- http://stackoverflow.com/questions/23910887
Violation: MissingMethodCall, pack@true
Answer Id --- http://stackoverflow.com/questions/9772966
Violation: MissingMethodCall, pack@true
Answer Id --- http://stackoverflow.com/questions/23475796
Violation: MissingMethodCall, pack@true
Answer Id --- http://stackoverflow.com/questions/10556850
Violation: MissingMethodCall, pack@true
Answer Id --- http://stackoverflow.com/questions/26434426
Violation: MissingMethodCall, pack@true
Answer Id --- http://stackoverflow.com/questions/35002727
Violation: MissingMethodCall, pack@true
Answer Id --- http://stackoverflow.com/questions/5396931
Violation: MissingMethodCall, pack@true
Answer Id --- http://stackoverflow.com/questions/20183125
Violation: MissingMethodCall, pack@true
Answer Id --- http://stackoverflow.com/questions/31393768
Violation: MissingMethodCall, pack@true
Answer Id --- http://stackoverflow.com/questions/5530400
Violation: MissingMethodCall, pack@true
Answer Id --- http://stackoverflow.com/questions/9927853
Violation: MissingMethodCall, pack@true
Answer Id --- http://stackoverflow.com/questions/16277778
Violation: MissingMethodCall, pack@true
Answer Id --- http://stackoverflow.com/questions/36821976
Violation: MissingMethodCall, pack@true
Answer Id --- http://stackoverflow.com/questions/10879366
Violation: MissingMethodCall, pack@true
Answer Id --- http://stackoverflow.com/questions/2124507
Violation: MissingMethodCall, pack@true
Answer Id --- http://stackoverflow.com/questions/27865518
Violation: MissingMethodCall, pack@true
Answer Id --- http://stackoverflow.com/questions/27544886
Violation: MissingMethodCall, pack@true
Answer Id --- http://stackoverflow.com/questions/6805865
Violation: MissingMethodCall, pack@true
Answer Id --- http://stackoverflow.com/questions/28307910
Violation: MissingMethodCall, pack@true
Answer Id --- http://stackoverflow.com/questions/9705097
Violation: MissingMethodCall, pack@true
Answer Id --- http://stackoverflow.com/questions/36977060
Violation: MissingMethodCall, pack@true
Answer Id --- http://stackoverflow.com/questions/6210296
Violation: MissingMethodCall, pack@true
Answer Id --- http://stackoverflow.com/questions/6153182
Violation: MissingMethodCall, pack@true
Answer Id --- http://stackoverflow.com/questions/15263639
Violation: MissingMethodCall, pack@true
Answer Id --- http://stackoverflow.com/questions/19768648
Violation: MissingMethodCall, pack@true
Answer Id --- http://stackoverflow.com/questions/4222286
Violation: MissingMethodCall, pack@true
Answer Id --- http://stackoverflow.com/questions/27321022
Violation: MissingMethodCall, pack@true
Answer Id --- http://stackoverflow.com/questions/2397077
Violation: MissingMethodCall, pack@true
Answer Id --- http://stackoverflow.com/questions/30830621
Violation: MissingMethodCall, pack@true
Answer Id --- http://stackoverflow.com/questions/4331844
Violation: MissingMethodCall, pack@true
Answer Id --- http://stackoverflow.com/questions/35847079
Violation: MissingMethodCall, pack@true
Answer Id --- http://stackoverflow.com/questions/4914063
Violation: MissingMethodCall, pack@true
Answer Id --- http://stackoverflow.com/questions/21419477
Violation: MissingMethodCall, pack@true
Answer Id --- http://stackoverflow.com/questions/4237614
Violation: MissingMethodCall, pack@true
Answer Id --- http://stackoverflow.com/questions/30866682
Violation: MissingMethodCall, pack@true
Answer Id --- http://stackoverflow.com/questions/6221064
Violation: MissingMethodCall, pack@true
Answer Id --- http://stackoverflow.com/questions/32081986
Violation: MissingMethodCall, pack@true
Answer Id --- http://stackoverflow.com/questions/9858355
Violation: MissingMethodCall, pack@true
Answer Id --- http://stackoverflow.com/questions/19701189
Violation: MissingMethodCall, pack@true
Answer Id --- http://stackoverflow.com/questions/29837148
Violation: MissingMethodCall, pack@true
Answer Id --- http://stackoverflow.com/questions/3175280
Violation: MissingMethodCall, pack@true
Answer Id --- http://stackoverflow.com/questions/6238908
Violation: MissingMethodCall, pack@true
Answer Id --- http://stackoverflow.com/questions/25217468
Violation: MissingMethodCall, pack@true
Answer Id --- http://stackoverflow.com/questions/33169293
Violation: MissingMethodCall, pack@true
Answer Id --- http://stackoverflow.com/questions/8588028
Violation: MissingMethodCall, pack@true
Answer Id --- http://stackoverflow.com/questions/35428004
Violation: MissingMethodCall, pack@true
Answer Id --- http://stackoverflow.com/questions/2750681
Violation: MissingMethodCall, pack@true
Answer Id --- http://stackoverflow.com/questions/35694843
Violation: MissingMethodCall, pack@true
Answer Id --- http://stackoverflow.com/questions/12263069
Violation: MissingMethodCall, pack@true
Answer Id --- http://stackoverflow.com/questions/19192145
Violation: MissingMethodCall, pack@true
Answer Id --- http://stackoverflow.com/questions/4904914
Violation: MissingMethodCall, pack@true
Answer Id --- http://stackoverflow.com/questions/23601350
Violation: MissingMethodCall, pack@true
Answer Id --- http://stackoverflow.com/questions/30447613
Violation: MissingMethodCall, pack@true
Answer Id --- http://stackoverflow.com/questions/23848262
Violation: MissingMethodCall, pack@true
Answer Id --- http://stackoverflow.com/questions/13033566
Violation: MissingMethodCall, pack@true
Answer Id --- http://stackoverflow.com/questions/38703764
Violation: MissingMethodCall, pack@true
Answer Id --- http://stackoverflow.com/questions/5956975
Violation: MissingMethodCall, pack@true
Answer Id --- http://stackoverflow.com/questions/6595151
Violation: MissingMethodCall, pack@true
Answer Id --- http://stackoverflow.com/questions/23862135
Violation: MissingMethodCall, pack@true
Answer Id --- http://stackoverflow.com/questions/5606975
Violation: MissingMethodCall, pack@true
Answer Id --- http://stackoverflow.com/questions/14179869
Violation: MissingMethodCall, pack@true
Answer Id --- http://stackoverflow.com/questions/9173878
Violation: MissingMethodCall, pack@true
Answer Id --- http://stackoverflow.com/questions/31655785
Violation: MissingMethodCall, pack@true
Answer Id --- http://stackoverflow.com/questions/11686731
Violation: MissingMethodCall, pack@true
Answer Id --- http://stackoverflow.com/questions/34524988
Violation: MissingMethodCall, pack@true
Answer Id --- http://stackoverflow.com/questions/31758938
Violation: MissingMethodCall, pack@true
Answer Id --- http://stackoverflow.com/questions/32510609
Violation: MissingMethodCall, pack@true
Answer Id --- http://stackoverflow.com/questions/37508383
Violation: MissingMethodCall, pack@true
Answer Id --- http://stackoverflow.com/questions/27470396
Violation: MissingMethodCall, pack@true
Answer Id --- http://stackoverflow.com/questions/32622491
Violation: MissingMethodCall, pack@true
Answer Id --- http://stackoverflow.com/questions/21329694
Violation: MissingMethodCall, pack@true
Answer Id --- http://stackoverflow.com/questions/31496072
Violation: MissingMethodCall, pack@true
Answer Id --- http://stackoverflow.com/questions/2630617
Violation: MissingMethodCall, pack@true
Answer Id --- http://stackoverflow.com/questions/4061812
Violation: MissingMethodCall, pack@true
Answer Id --- http://stackoverflow.com/questions/9357963
Violation: MissingMethodCall, pack@true
Answer Id --- http://stackoverflow.com/questions/25332615
Violation: MissingMethodCall, pack@true
Answer Id --- http://stackoverflow.com/questions/31233634
Violation: MissingMethodCall, pack@true
Answer Id --- http://stackoverflow.com/questions/8616169
Violation: MissingMethodCall, pack@true
Answer Id --- http://stackoverflow.com/questions/3205105
Violation: MissingMethodCall, pack@true
Answer Id --- http://stackoverflow.com/questions/31523422
Violation: MissingMethodCall, pack@true
Violation: MissingMethodCall, pack@true
Answer Id --- http://stackoverflow.com/questions/29157196
Violation: MissingMethodCall, pack@true
Answer Id --- http://stackoverflow.com/questions/1126743
Violation: MissingMethodCall, pack@true
Answer Id --- http://stackoverflow.com/questions/28418701
Violation: MissingMethodCall, pack@true
Answer Id --- http://stackoverflow.com/questions/5594424
Violation: MissingMethodCall, pack@true
Answer Id --- http://stackoverflow.com/questions/36164156
Violation: MissingMethodCall, pack@true
Answer Id --- http://stackoverflow.com/questions/20437639
Violation: MissingMethodCall, pack@true
Answer Id --- http://stackoverflow.com/questions/28143943
Violation: MissingMethodCall, pack@true
Answer Id --- http://stackoverflow.com/questions/24193745
Violation: MissingMethodCall, pack@true
Answer Id --- http://stackoverflow.com/questions/4674686
Violation: MissingMethodCall, pack@true
Answer Id --- http://stackoverflow.com/questions/7028497
Violation: MissingMethodCall, pack@true
Answer Id --- http://stackoverflow.com/questions/13318864
Violation: MissingMethodCall, pack@true
Answer Id --- http://stackoverflow.com/questions/7701684
Violation: MissingMethodCall, pack@true
Answer Id --- http://stackoverflow.com/questions/17091949
Violation: MissingMethodCall, pack@true
Answer Id --- http://stackoverflow.com/questions/5797965
Violation: MissingMethodCall, pack@true
Answer Id --- http://stackoverflow.com/questions/9703078
Violation: MissingMethodCall, pack@true
Answer Id --- http://stackoverflow.com/questions/15077276
Violation: MissingMethodCall, pack@true
Answer Id --- http://stackoverflow.com/questions/21655120
Violation: MissingMethodCall, pack@true
Answer Id --- http://stackoverflow.com/questions/15660784
Violation: MissingMethodCall, pack@true
Answer Id --- http://stackoverflow.com/questions/20763263
Violation: MissingMethodCall, pack@true
Answer Id --- http://stackoverflow.com/questions/8367835
Violation: MissingMethodCall, pack@true
Answer Id --- http://stackoverflow.com/questions/10305806
Violation: MissingMethodCall, pack@true
Answer Id --- http://stackoverflow.com/questions/23564686
Violation: MissingMethodCall, pack@true
Answer Id --- http://stackoverflow.com/questions/20822689
Violation: MissingMethodCall, pack@true
Answer Id --- http://stackoverflow.com/questions/3952082
Violation: MissingMethodCall, pack@true
Answer Id --- http://stackoverflow.com/questions/38189495
Violation: MissingMethodCall, pack@true
Answer Id --- http://stackoverflow.com/questions/3899002
Violation: MissingMethodCall, pack@true
Answer Id --- http://stackoverflow.com/questions/778260
Violation: MissingMethodCall, pack@true
Answer Id --- http://stackoverflow.com/questions/33682182
Violation: MissingMethodCall, pack@true
Answer Id --- http://stackoverflow.com/questions/38210439
Violation: MissingMethodCall, pack@true
Answer Id --- http://stackoverflow.com/questions/15260207
Violation: MissingMethodCall, pack@true
Answer Id --- http://stackoverflow.com/questions/24583452
Violation: MissingMethodCall, pack@true
Answer Id --- http://stackoverflow.com/questions/2510048
Violation: MissingMethodCall, pack@true
Answer Id --- http://stackoverflow.com/questions/6645029
Violation: MissingMethodCall, pack@true
Answer Id --- http://stackoverflow.com/questions/11858629
Violation: MissingMethodCall, pack@true
Answer Id --- http://stackoverflow.com/questions/20554735
Violation: MissingMethodCall, pack@true
Answer Id --- http://stackoverflow.com/questions/32323024
Violation: MissingMethodCall, pack@true
Violation: MissingMethodCall, pack@true
Answer Id --- http://stackoverflow.com/questions/22119218
Violation: MissingMethodCall, pack@true
Answer Id --- http://stackoverflow.com/questions/22745532
Violation: MissingMethodCall, pack@true
Answer Id --- http://stackoverflow.com/questions/10482230
Violation: MissingMethodCall, pack@true
Answer Id --- http://stackoverflow.com/questions/21302970
Violation: MissingMethodCall, pack@true
Answer Id --- http://stackoverflow.com/questions/12867849
Violation: MissingMethodCall, pack@true
Answer Id --- http://stackoverflow.com/questions/11097545
Violation: MissingMethodCall, pack@true
Missing Control-flow Structure: 0
Disorder Control-flow Structure: 0
Missing API Call: 669
Disorder API Call: 2
Incorrect Predicates: 0

